# JRE version: Java(TM) SE Runtime Environment (8.0_112-b15) (build 1.8.0_112-b15)
# Java VM: Java HotSpot(TM) 64-Bit Server VM (25.112-b15 mixed mode windows-amd64 compressed oops)
Heap:
 PSYoungGen      total 75776K, used 10664K [0x00000000eb580000, 0x00000000f0e00000, 0x0000000100000000)
  eden space 63488K, 0% used [0x00000000eb580000,0x00000000eb580000,0x00000000ef380000)
  from space 12288K, 86% used [0x00000000f0080000,0x00000000f0aea1d0,0x00000000f0c80000)
  to   space 13312K, 0% used [0x00000000ef380000,0x00000000ef380000,0x00000000f0080000)
 ParOldGen       total 33792K, used 31058K [0x00000000c2000000, 0x00000000c4100000, 0x00000000eb580000)
  object space 33792K, 91% used [0x00000000c2000000,0x00000000c3e54ab8,0x00000000c4100000)
 Metaspace       used 23932K, capacity 24392K, committed 24496K, reserved 1071104K
  class space    used 2786K, capacity 2933K, committed 2992K, reserved 1048576K
GC Heap History (10 events):
Event: 37.528 GC heap after
Heap after GC invocations=26 (full 1):
 PSYoungGen      total 49664K, used 8101K [0x00000000eb580000, 0x00000000efc00000, 0x0000000100000000)
  eden space 41472K, 0% used [0x00000000eb580000,0x00000000eb580000,0x00000000ede00000)
  from space 8192K, 98% used [0x00000000ede00000,0x00000000ee5e94e8,0x00000000ee600000)
  to   space 9216K, 0% used [0x00000000ef300000,0x00000000ef300000,0x00000000efc00000)
 ParOldGen       total 33792K, used 29782K [0x00000000c2000000, 0x00000000c4100000, 0x00000000eb580000)
  object space 33792K, 88% used [0x00000000c2000000,0x00000000c3d15998,0x00000000c4100000)
 Metaspace       used 23932K, capacity 24392K, committed 24496K, reserved 1071104K
  class space    used 2786K, capacity 2933K, committed 2992K, reserved 1048576K
}
Event: 37.824 GC heap before
{Heap before GC invocations=27 (full 1):
 PSYoungGen      total 49664K, used 49573K [0x00000000eb580000, 0x00000000efc00000, 0x0000000100000000)
  eden space 41472K, 100% used [0x00000000eb580000,0x00000000ede00000,0x00000000ede00000)
  from space 8192K, 98% used [0x00000000ede00000,0x00000000ee5e94e8,0x00000000ee600000)
  to   space 9216K, 0% used [0x00000000ef300000,0x00000000ef300000,0x00000000efc00000)
 ParOldGen       total 33792K, used 29782K [0x00000000c2000000, 0x00000000c4100000, 0x00000000eb580000)
  object space 33792K, 88% used [0x00000000c2000000,0x00000000c3d15998,0x00000000c4100000)
 Metaspace       used 23932K, capacity 24392K, committed 24496K, reserved 1071104K
  class space    used 2786K, capacity 2933K, committed 2992K, reserved 1048576K
Event: 37.841 GC heap after
Heap after GC invocations=27 (full 1):
 PSYoungGen      total 61952K, used 8811K [0x00000000eb580000, 0x00000000efe00000, 0x0000000100000000)
  eden space 52736K, 0% used [0x00000000eb580000,0x00000000eb580000,0x00000000ee900000)
  from space 9216K, 95% used [0x00000000ef300000,0x00000000efb9ad18,0x00000000efc00000)
  to   space 10240K, 0% used [0x00000000ee900000,0x00000000ee900000,0x00000000ef300000)
 ParOldGen       total 33792K, used 31361K [0x00000000c2000000, 0x00000000c4100000, 0x00000000eb580000)
  object space 33792K, 92% used [0x00000000c2000000,0x00000000c3ea07b8,0x00000000c4100000)
 Metaspace       used 23932K, capacity 24392K, committed 24496K, reserved 1071104K
  class space    used 2786K, capacity 2933K, committed 2992K, reserved 1048576K
}
Event: 37.841 GC heap before
{Heap before GC invocations=28 (full 2):
 PSYoungGen      total 61952K, used 8811K [0x00000000eb580000, 0x00000000efe00000, 0x0000000100000000)
  eden space 52736K, 0% used [0x00000000eb580000,0x00000000eb580000,0x00000000ee900000)
  from space 9216K, 95% used [0x00000000ef300000,0x00000000efb9ad18,0x00000000efc00000)
  to   space 10240K, 0% used [0x00000000ee900000,0x00000000ee900000,0x00000000ef300000)
 ParOldGen       total 33792K, used 31361K [0x00000000c2000000, 0x00000000c4100000, 0x00000000eb580000)
  object space 33792K, 92% used [0x00000000c2000000,0x00000000c3ea07b8,0x00000000c4100000)
 Metaspace       used 23932K, capacity 24392K, committed 24496K, reserved 1071104K
  class space    used 2786K, capacity 2933K, committed 2992K, reserved 1048576K
Event: 38.011 GC heap after
Heap after GC invocations=28 (full 2):
 PSYoungGen      total 61952K, used 0K [0x00000000eb580000, 0x00000000efe00000, 0x0000000100000000)
  eden space 52736K, 0% used [0x00000000eb580000,0x00000000eb580000,0x00000000ee900000)
  from space 9216K, 0% used [0x00000000ef300000,0x00000000ef300000,0x00000000efc00000)
  to   space 10240K, 0% used [0x00000000ee900000,0x00000000ee900000,0x00000000ef300000)
 ParOldGen       total 33792K, used 27935K [0x00000000c2000000, 0x00000000c4100000, 0x00000000eb580000)
  object space 33792K, 82% used [0x00000000c2000000,0x00000000c3b47e70,0x00000000c4100000)
 Metaspace       used 23932K, capacity 24392K, committed 24496K, reserved 1071104K
  class space    used 2786K, capacity 2933K, committed 2992K, reserved 1048576K
}
Event: 38.519 GC heap before
{Heap before GC invocations=29 (full 2):
 PSYoungGen      total 61952K, used 52736K [0x00000000eb580000, 0x00000000efe00000, 0x0000000100000000)
  eden space 52736K, 100% used [0x00000000eb580000,0x00000000ee900000,0x00000000ee900000)
  from space 9216K, 0% used [0x00000000ef300000,0x00000000ef300000,0x00000000efc00000)
  to   space 10240K, 0% used [0x00000000ee900000,0x00000000ee900000,0x00000000ef300000)
 ParOldGen       total 33792K, used 27935K [0x00000000c2000000, 0x00000000c4100000, 0x00000000eb580000)
  object space 33792K, 82% used [0x00000000c2000000,0x00000000c3b47e70,0x00000000c4100000)
 Metaspace       used 23932K, capacity 24392K, committed 24496K, reserved 1071104K
  class space    used 2786K, capacity 2933K, committed 2992K, reserved 1048576K
Event: 38.533 GC heap after
Heap after GC invocations=29 (full 2):
 PSYoungGen      total 62976K, used 10236K [0x00000000eb580000, 0x00000000f0c80000, 0x0000000100000000)
  eden space 52736K, 0% used [0x00000000eb580000,0x00000000eb580000,0x00000000ee900000)
  from space 10240K, 99% used [0x00000000ee900000,0x00000000ef2ff108,0x00000000ef300000)
  to   space 12288K, 0% used [0x00000000f0080000,0x00000000f0080000,0x00000000f0c80000)
 ParOldGen       total 33792K, used 28769K [0x00000000c2000000, 0x00000000c4100000, 0x00000000eb580000)
  object space 33792K, 85% used [0x00000000c2000000,0x00000000c3c18708,0x00000000c4100000)
 Metaspace       used 23932K, capacity 24392K, committed 24496K, reserved 1071104K
  class space    used 2786K, capacity 2933K, committed 2992K, reserved 1048576K
}
Event: 39.125 GC heap before
{Heap before GC invocations=30 (full 2):
 PSYoungGen      total 62976K, used 62972K [0x00000000eb580000, 0x00000000f0c80000, 0x0000000100000000)
  eden space 52736K, 100% used [0x00000000eb580000,0x00000000ee900000,0x00000000ee900000)
  from space 10240K, 99% used [0x00000000ee900000,0x00000000ef2ff108,0x00000000ef300000)
  to   space 12288K, 0% used [0x00000000f0080000,0x00000000f0080000,0x00000000f0c80000)
 ParOldGen       total 33792K, used 28769K [0x00000000c2000000, 0x00000000c4100000, 0x00000000eb580000)
  object space 33792K, 85% used [0x00000000c2000000,0x00000000c3c18708,0x00000000c4100000)
 Metaspace       used 23932K, capacity 24392K, committed 24496K, reserved 1071104K
  class space    used 2786K, capacity 2933K, committed 2992K, reserved 1048576K
Event: 39.143 GC heap after
Heap after GC invocations=30 (full 2):
 PSYoungGen      total 75776K, used 10664K [0x00000000eb580000, 0x00000000f0e00000, 0x0000000100000000)
  eden space 63488K, 0% used [0x00000000eb580000,0x00000000eb580000,0x00000000ef380000)
  from space 12288K, 86% used [0x00000000f0080000,0x00000000f0aea1d0,0x00000000f0c80000)
  to   space 13312K, 0% used [0x00000000ef380000,0x00000000ef380000,0x00000000f0080000)
 ParOldGen       total 33792K, used 31058K [0x00000000c2000000, 0x00000000c4100000, 0x00000000eb580000)
  object space 33792K, 91% used [0x00000000c2000000,0x00000000c3e54ab8,0x00000000c4100000)
 Metaspace       used 23932K, capacity 24392K, committed 24496K, reserved 1071104K
  class space    used 2786K, capacity 2933K, committed 2992K, reserved 1048576K
}
Event: 39.143 GC heap before
{Heap before GC invocations=31 (full 3):
 PSYoungGen      total 75776K, used 10664K [0x00000000eb580000, 0x00000000f0e00000, 0x0000000100000000)
  eden space 63488K, 0% used [0x00000000eb580000,0x00000000eb580000,0x00000000ef380000)
  from space 12288K, 86% used [0x00000000f0080000,0x00000000f0aea1d0,0x00000000f0c80000)
  to   space 13312K, 0% used [0x00000000ef380000,0x00000000ef380000,0x00000000f0080000)
 ParOldGen       total 33792K, used 31058K [0x00000000c2000000, 0x00000000c4100000, 0x00000000eb580000)
  object space 33792K, 91% used [0x00000000c2000000,0x00000000c3e54ab8,0x00000000c4100000)
 Metaspace       used 23932K, capacity 24392K, committed 24496K, reserved 1071104K
  class space    used 2786K, capacity 2933K, committed 2992K, reserved 1048576K

