# JRE version: Java(TM) SE Runtime Environment (8.0_112-b15) (build 1.8.0_112-b15)
# Java VM: Java HotSpot(TM) 64-Bit Server VM (25.112-b15 mixed mode windows-amd64 compressed oops)
Heap:
 PSYoungGen      total 82944K, used 27484K [0x00000000eb180000, 0x00000000f1200000, 0x0000000100000000)
  eden space 70656K, 21% used [0x00000000eb180000,0x00000000ec05e8d8,0x00000000ef680000)
  from space 12288K, 99% used [0x00000000ef680000,0x00000000f0278ae0,0x00000000f0280000)
  to   space 10752K, 0% used [0x00000000f0280000,0x00000000f0280000,0x00000000f0d00000)
 ParOldGen       total 39936K, used 18660K [0x00000000c1400000, 0x00000000c3b00000, 0x00000000eb180000)
  object space 39936K, 46% used [0x00000000c1400000,0x00000000c2639128,0x00000000c3b00000)
 Metaspace       used 23961K, capacity 24498K, committed 24752K, reserved 1071104K
  class space    used 2797K, capacity 2967K, committed 2992K, reserved 1048576K
GC Heap History (10 events):
Event: 16.973 GC heap before
{Heap before GC invocations=12 (full 1):
 PSYoungGen      total 49664K, used 858K [0x00000000eb180000, 0x00000000ef580000, 0x0000000100000000)
  eden space 48640K, 0% used [0x00000000eb180000,0x00000000eb180000,0x00000000ee100000)
  from space 1024K, 83% used [0x00000000ee800000,0x00000000ee8d6828,0x00000000ee900000)
  to   space 8704K, 0% used [0x00000000eed00000,0x00000000eed00000,0x00000000ef580000)
 ParOldGen       total 44032K, used 21417K [0x00000000c1400000, 0x00000000c3f00000, 0x00000000eb180000)
  object space 44032K, 48% used [0x00000000c1400000,0x00000000c28ea7b0,0x00000000c3f00000)
 Metaspace       used 20764K, capacity 21188K, committed 21296K, reserved 1069056K
  class space    used 2449K, capacity 2590K, committed 2608K, reserved 1048576K
Event: 17.089 GC heap after
Heap after GC invocations=12 (full 1):
 PSYoungGen      total 49664K, used 0K [0x00000000eb180000, 0x00000000ef580000, 0x0000000100000000)
  eden space 48640K, 0% used [0x00000000eb180000,0x00000000eb180000,0x00000000ee100000)
  from space 1024K, 0% used [0x00000000ee800000,0x00000000ee800000,0x00000000ee900000)
  to   space 8704K, 0% used [0x00000000eed00000,0x00000000eed00000,0x00000000ef580000)
 ParOldGen       total 39936K, used 12300K [0x00000000c1400000, 0x00000000c3b00000, 0x00000000eb180000)
  object space 39936K, 30% used [0x00000000c1400000,0x00000000c2003210,0x00000000c3b00000)
 Metaspace       used 20764K, capacity 21188K, committed 21296K, reserved 1069056K
  class space    used 2449K, capacity 2590K, committed 2608K, reserved 1048576K
}
Event: 21.342 GC heap before
{Heap before GC invocations=13 (full 1):
 PSYoungGen      total 49664K, used 48640K [0x00000000eb180000, 0x00000000ef580000, 0x0000000100000000)
  eden space 48640K, 100% used [0x00000000eb180000,0x00000000ee100000,0x00000000ee100000)
  from space 1024K, 0% used [0x00000000ee800000,0x00000000ee800000,0x00000000ee900000)
  to   space 8704K, 0% used [0x00000000eed00000,0x00000000eed00000,0x00000000ef580000)
 ParOldGen       total 39936K, used 12300K [0x00000000c1400000, 0x00000000c3b00000, 0x00000000eb180000)
  object space 39936K, 30% used [0x00000000c1400000,0x00000000c2003210,0x00000000c3b00000)
 Metaspace       used 23878K, capacity 24424K, committed 24496K, reserved 1071104K
  class space    used 2791K, capacity 2965K, committed 2992K, reserved 1048576K
Event: 21.358 GC heap after
Heap after GC invocations=13 (full 1):
 PSYoungGen      total 59904K, used 8675K [0x00000000eb180000, 0x00000000f0480000, 0x0000000100000000)
  eden space 51200K, 0% used [0x00000000eb180000,0x00000000eb180000,0x00000000ee380000)
  from space 8704K, 99% used [0x00000000eed00000,0x00000000ef578cf0,0x00000000ef580000)
  to   space 9728K, 0% used [0x00000000ee380000,0x00000000ee380000,0x00000000eed00000)
 ParOldGen       total 39936K, used 13012K [0x00000000c1400000, 0x00000000c3b00000, 0x00000000eb180000)
  object space 39936K, 32% used [0x00000000c1400000,0x00000000c20b5290,0x00000000c3b00000)
 Metaspace       used 23878K, capacity 24424K, committed 24496K, reserved 1071104K
  class space    used 2791K, capacity 2965K, committed 2992K, reserved 1048576K
}
Event: 22.207 GC heap before
{Heap before GC invocations=14 (full 1):
 PSYoungGen      total 59904K, used 59875K [0x00000000eb180000, 0x00000000f0480000, 0x0000000100000000)
  eden space 51200K, 100% used [0x00000000eb180000,0x00000000ee380000,0x00000000ee380000)
  from space 8704K, 99% used [0x00000000eed00000,0x00000000ef578cf0,0x00000000ef580000)
  to   space 9728K, 0% used [0x00000000ee380000,0x00000000ee380000,0x00000000eed00000)
 ParOldGen       total 39936K, used 13012K [0x00000000c1400000, 0x00000000c3b00000, 0x00000000eb180000)
  object space 39936K, 32% used [0x00000000c1400000,0x00000000c20b5290,0x00000000c3b00000)
 Metaspace       used 23915K, capacity 24488K, committed 24752K, reserved 1071104K
  class space    used 2791K, capacity 2965K, committed 2992K, reserved 1048576K
Event: 22.232 GC heap after
Heap after GC invocations=14 (full 1):
 PSYoungGen      total 60928K, used 9286K [0x00000000eb180000, 0x00000000f0d00000, 0x0000000100000000)
  eden space 51200K, 0% used [0x00000000eb180000,0x00000000eb180000,0x00000000ee380000)
  from space 9728K, 95% used [0x00000000ee380000,0x00000000eec91ab8,0x00000000eed00000)
  to   space 10752K, 0% used [0x00000000f0280000,0x00000000f0280000,0x00000000f0d00000)
 ParOldGen       total 39936K, used 16197K [0x00000000c1400000, 0x00000000c3b00000, 0x00000000eb180000)
  object space 39936K, 40% used [0x00000000c1400000,0x00000000c23d1558,0x00000000c3b00000)
 Metaspace       used 23915K, capacity 24488K, committed 24752K, reserved 1071104K
  class space    used 2791K, capacity 2965K, committed 2992K, reserved 1048576K
}
Event: 22.586 GC heap before
{Heap before GC invocations=15 (full 1):
 PSYoungGen      total 60928K, used 60486K [0x00000000eb180000, 0x00000000f0d00000, 0x0000000100000000)
  eden space 51200K, 100% used [0x00000000eb180000,0x00000000ee380000,0x00000000ee380000)
  from space 9728K, 95% used [0x00000000ee380000,0x00000000eec91ab8,0x00000000eed00000)
  to   space 10752K, 0% used [0x00000000f0280000,0x00000000f0280000,0x00000000f0d00000)
 ParOldGen       total 39936K, used 16197K [0x00000000c1400000, 0x00000000c3b00000, 0x00000000eb180000)
  object space 39936K, 40% used [0x00000000c1400000,0x00000000c23d1558,0x00000000c3b00000)
 Metaspace       used 23925K, capacity 24488K, committed 24752K, reserved 1071104K
  class space    used 2791K, capacity 2965K, committed 2992K, reserved 1048576K
Event: 22.598 GC heap after
Heap after GC invocations=15 (full 1):
 PSYoungGen      total 81408K, used 10086K [0x00000000eb180000, 0x00000000f1200000, 0x0000000100000000)
  eden space 70656K, 0% used [0x00000000eb180000,0x00000000eb180000,0x00000000ef680000)
  from space 10752K, 93% used [0x00000000f0280000,0x00000000f0c59838,0x00000000f0d00000)
  to   space 12288K, 0% used [0x00000000ef680000,0x00000000ef680000,0x00000000f0280000)
 ParOldGen       total 39936K, used 17493K [0x00000000c1400000, 0x00000000c3b00000, 0x00000000eb180000)
  object space 39936K, 43% used [0x00000000c1400000,0x00000000c25154b0,0x00000000c3b00000)
 Metaspace       used 23925K, capacity 24488K, committed 24752K, reserved 1071104K
  class space    used 2791K, capacity 2965K, committed 2992K, reserved 1048576K
}
Event: 23.352 GC heap before
{Heap before GC invocations=16 (full 1):
 PSYoungGen      total 81408K, used 80742K [0x00000000eb180000, 0x00000000f1200000, 0x0000000100000000)
  eden space 70656K, 100% used [0x00000000eb180000,0x00000000ef680000,0x00000000ef680000)
  from space 10752K, 93% used [0x00000000f0280000,0x00000000f0c59838,0x00000000f0d00000)
  to   space 12288K, 0% used [0x00000000ef680000,0x00000000ef680000,0x00000000f0280000)
 ParOldGen       total 39936K, used 17493K [0x00000000c1400000, 0x00000000c3b00000, 0x00000000eb180000)
  object space 39936K, 43% used [0x00000000c1400000,0x00000000c25154b0,0x00000000c3b00000)
 Metaspace       used 23956K, capacity 24498K, committed 24752K, reserved 1071104K
  class space    used 2796K, capacity 2967K, committed 2992K, reserved 1048576K
Event: 23.367 GC heap after
Heap after GC invocations=16 (full 1):
 PSYoungGen      total 82944K, used 12258K [0x00000000eb180000, 0x00000000f1200000, 0x0000000100000000)
  eden space 70656K, 0% used [0x00000000eb180000,0x00000000eb180000,0x00000000ef680000)
  from space 12288K, 99% used [0x00000000ef680000,0x00000000f0278ae0,0x00000000f0280000)
  to   space 10752K, 0% used [0x00000000f0280000,0x00000000f0280000,0x00000000f0d00000)
 ParOldGen       total 39936K, used 18660K [0x00000000c1400000, 0x00000000c3b00000, 0x00000000eb180000)
  object space 39936K, 46% used [0x00000000c1400000,0x00000000c2639128,0x00000000c3b00000)
 Metaspace       used 23956K, capacity 24498K, committed 24752K, reserved 1071104K
  class space    used 2796K, capacity 2967K, committed 2992K, reserved 1048576K
}

