# JRE version: Java(TM) SE Runtime Environment (8.0_112-b15) (build 1.8.0_112-b15)
# Java VM: Java HotSpot(TM) 64-Bit Server VM (25.112-b15 mixed mode windows-amd64 compressed oops)
Heap:
 PSYoungGen      total 216064K, used 3096K [0x00000000eb580000, 0x00000000ff680000, 0x0000000100000000)
  eden space 186880K, 0% used [0x00000000eb580000,0x00000000eb580000,0x00000000f6c00000)
  from space 29184K, 10% used [0x00000000f6c00000,0x00000000f6f060c0,0x00000000f8880000)
  to   space 35328K, 0% used [0x00000000fd400000,0x00000000fd400000,0x00000000ff680000)
 ParOldGen       total 94720K, used 60217K [0x00000000c2000000, 0x00000000c7c80000, 0x00000000eb580000)
  object space 94720K, 63% used [0x00000000c2000000,0x00000000c5ace728,0x00000000c7c80000)
 Metaspace       used 30981K, capacity 31554K, committed 31616K, reserved 1081344K
  class space    used 3538K, capacity 3683K, committed 3712K, reserved 1048576K
GC Heap History (10 events):
Event: 16.144 GC heap after
Heap after GC invocations=13 (full 2):
 PSYoungGen      total 169472K, used 22506K [0x00000000eb580000, 0x00000000fa200000, 0x0000000100000000)
  eden space 146944K, 0% used [0x00000000eb580000,0x00000000eb580000,0x00000000f4500000)
  from space 22528K, 99% used [0x00000000f4500000,0x00000000f5afa898,0x00000000f5b00000)
  to   space 26112K, 0% used [0x00000000f8880000,0x00000000f8880000,0x00000000fa200000)
 ParOldGen       total 94720K, used 41485K [0x00000000c2000000, 0x00000000c7c80000, 0x00000000eb580000)
  object space 94720K, 43% used [0x00000000c2000000,0x00000000c4883768,0x00000000c7c80000)
 Metaspace       used 30520K, capacity 31088K, committed 31360K, reserved 1077248K
  class space    used 3474K, capacity 3613K, committed 3712K, reserved 1048576K
}
Event: 17.131 GC heap before
{Heap before GC invocations=14 (full 2):
 PSYoungGen      total 169472K, used 169450K [0x00000000eb580000, 0x00000000fa200000, 0x0000000100000000)
  eden space 146944K, 100% used [0x00000000eb580000,0x00000000f4500000,0x00000000f4500000)
  from space 22528K, 99% used [0x00000000f4500000,0x00000000f5afa898,0x00000000f5b00000)
  to   space 26112K, 0% used [0x00000000f8880000,0x00000000f8880000,0x00000000fa200000)
 ParOldGen       total 94720K, used 41485K [0x00000000c2000000, 0x00000000c7c80000, 0x00000000eb580000)
  object space 94720K, 43% used [0x00000000c2000000,0x00000000c4883768,0x00000000c7c80000)
 Metaspace       used 30542K, capacity 31124K, committed 31360K, reserved 1077248K
  class space    used 3477K, capacity 3645K, committed 3712K, reserved 1048576K
Event: 17.196 GC heap after
Heap after GC invocations=14 (full 2):
 PSYoungGen      total 212992K, used 23548K [0x00000000eb580000, 0x00000000fb300000, 0x0000000100000000)
  eden space 186880K, 0% used [0x00000000eb580000,0x00000000eb580000,0x00000000f6c00000)
  from space 26112K, 90% used [0x00000000f8880000,0x00000000f9f7f018,0x00000000fa200000)
  to   space 29184K, 0% used [0x00000000f6c00000,0x00000000f6c00000,0x00000000f8880000)
 ParOldGen       total 94720K, used 46043K [0x00000000c2000000, 0x00000000c7c80000, 0x00000000eb580000)
  object space 94720K, 48% used [0x00000000c2000000,0x00000000c4cf6e68,0x00000000c7c80000)
 Metaspace       used 30542K, capacity 31124K, committed 31360K, reserved 1077248K
  class space    used 3477K, capacity 3645K, committed 3712K, reserved 1048576K
}
Event: 18.329 GC heap before
{Heap before GC invocations=15 (full 2):
 PSYoungGen      total 212992K, used 210428K [0x00000000eb580000, 0x00000000fb300000, 0x0000000100000000)
  eden space 186880K, 100% used [0x00000000eb580000,0x00000000f6c00000,0x00000000f6c00000)
  from space 26112K, 90% used [0x00000000f8880000,0x00000000f9f7f018,0x00000000fa200000)
  to   space 29184K, 0% used [0x00000000f6c00000,0x00000000f6c00000,0x00000000f8880000)
 ParOldGen       total 94720K, used 46043K [0x00000000c2000000, 0x00000000c7c80000, 0x00000000eb580000)
  object space 94720K, 48% used [0x00000000c2000000,0x00000000c4cf6e68,0x00000000c7c80000)
 Metaspace       used 30554K, capacity 31134K, committed 31360K, reserved 1077248K
  class space    used 3479K, capacity 3647K, committed 3712K, reserved 1048576K
Event: 18.373 GC heap after
Heap after GC invocations=15 (full 2):
 PSYoungGen      total 216064K, used 29159K [0x00000000eb580000, 0x00000000ff680000, 0x0000000100000000)
  eden space 186880K, 0% used [0x00000000eb580000,0x00000000eb580000,0x00000000f6c00000)
  from space 29184K, 99% used [0x00000000f6c00000,0x00000000f8879c40,0x00000000f8880000)
  to   space 35328K, 0% used [0x00000000fd400000,0x00000000fd400000,0x00000000ff680000)
 ParOldGen       total 94720K, used 50205K [0x00000000c2000000, 0x00000000c7c80000, 0x00000000eb580000)
  object space 94720K, 53% used [0x00000000c2000000,0x00000000c51074a0,0x00000000c7c80000)
 Metaspace       used 30554K, capacity 31134K, committed 31360K, reserved 1077248K
  class space    used 3479K, capacity 3647K, committed 3712K, reserved 1048576K
}
Event: 19.717 GC heap before
{Heap before GC invocations=16 (full 2):
 PSYoungGen      total 216064K, used 216039K [0x00000000eb580000, 0x00000000ff680000, 0x0000000100000000)
  eden space 186880K, 100% used [0x00000000eb580000,0x00000000f6c00000,0x00000000f6c00000)
  from space 29184K, 99% used [0x00000000f6c00000,0x00000000f8879c40,0x00000000f8880000)
  to   space 35328K, 0% used [0x00000000fd400000,0x00000000fd400000,0x00000000ff680000)
 ParOldGen       total 94720K, used 50205K [0x00000000c2000000, 0x00000000c7c80000, 0x00000000eb580000)
  object space 94720K, 53% used [0x00000000c2000000,0x00000000c51074a0,0x00000000c7c80000)
 Metaspace       used 30554K, capacity 31134K, committed 31360K, reserved 1077248K
  class space    used 3479K, capacity 3647K, committed 3712K, reserved 1048576K
Event: 19.760 GC heap after
Heap after GC invocations=16 (full 2):
 PSYoungGen      total 222208K, used 30386K [0x00000000eb580000, 0x00000000ff680000, 0x0000000100000000)
  eden space 186880K, 0% used [0x00000000eb580000,0x00000000eb580000,0x00000000f6c00000)
  from space 35328K, 86% used [0x00000000fd400000,0x00000000ff1ac998,0x00000000ff680000)
  to   space 29184K, 0% used [0x00000000f6c00000,0x00000000f6c00000,0x00000000f8880000)
 ParOldGen       total 94720K, used 54470K [0x00000000c2000000, 0x00000000c7c80000, 0x00000000eb580000)
  object space 94720K, 57% used [0x00000000c2000000,0x00000000c5531ae8,0x00000000c7c80000)
 Metaspace       used 30554K, capacity 31134K, committed 31360K, reserved 1077248K
  class space    used 3479K, capacity 3647K, committed 3712K, reserved 1048576K
}
Event: 19.960 GC heap before
{Heap before GC invocations=17 (full 2):
 PSYoungGen      total 222208K, used 64648K [0x00000000eb580000, 0x00000000ff680000, 0x0000000100000000)
  eden space 186880K, 18% used [0x00000000eb580000,0x00000000ed6f5738,0x00000000f6c00000)
  from space 35328K, 86% used [0x00000000fd400000,0x00000000ff1ac998,0x00000000ff680000)
  to   space 29184K, 0% used [0x00000000f6c00000,0x00000000f6c00000,0x00000000f8880000)
 ParOldGen       total 94720K, used 54470K [0x00000000c2000000, 0x00000000c7c80000, 0x00000000eb580000)
  object space 94720K, 57% used [0x00000000c2000000,0x00000000c5531ae8,0x00000000c7c80000)
 Metaspace       used 30981K, capacity 31554K, committed 31616K, reserved 1081344K
  class space    used 3538K, capacity 3683K, committed 3712K, reserved 1048576K
Event: 19.972 GC heap after
Heap after GC invocations=17 (full 2):
 PSYoungGen      total 216064K, used 3096K [0x00000000eb580000, 0x00000000ff680000, 0x0000000100000000)
  eden space 186880K, 0% used [0x00000000eb580000,0x00000000eb580000,0x00000000f6c00000)
  from space 29184K, 10% used [0x00000000f6c00000,0x00000000f6f060c0,0x00000000f8880000)
  to   space 35328K, 0% used [0x00000000fd400000,0x00000000fd400000,0x00000000ff680000)
 ParOldGen       total 94720K, used 60217K [0x00000000c2000000, 0x00000000c7c80000, 0x00000000eb580000)
  object space 94720K, 63% used [0x00000000c2000000,0x00000000c5ace728,0x00000000c7c80000)
 Metaspace       used 30981K, capacity 31554K, committed 31616K, reserved 1081344K
  class space    used 3538K, capacity 3683K, committed 3712K, reserved 1048576K
}
Event: 19.972 GC heap before
{Heap before GC invocations=18 (full 3):
 PSYoungGen      total 216064K, used 3096K [0x00000000eb580000, 0x00000000ff680000, 0x0000000100000000)
  eden space 186880K, 0% used [0x00000000eb580000,0x00000000eb580000,0x00000000f6c00000)
  from space 29184K, 10% used [0x00000000f6c00000,0x00000000f6f060c0,0x00000000f8880000)
  to   space 35328K, 0% used [0x00000000fd400000,0x00000000fd400000,0x00000000ff680000)
 ParOldGen       total 94720K, used 60217K [0x00000000c2000000, 0x00000000c7c80000, 0x00000000eb580000)
  object space 94720K, 63% used [0x00000000c2000000,0x00000000c5ace728,0x00000000c7c80000)
 Metaspace       used 30981K, capacity 31554K, committed 31616K, reserved 1081344K
  class space    used 3538K, capacity 3683K, committed 3712K, reserved 1048576K

