# JRE version: Java(TM) SE Runtime Environment (8.0_112-b15) (build 1.8.0_112-b15)
# Java VM: Java HotSpot(TM) 64-Bit Server VM (25.112-b15 mixed mode windows-amd64 compressed oops)
Heap:
 PSYoungGen      total 278528K, used 100721K [0x00000000d5d80000, 0x00000000edf00000, 0x0000000100000000)
  eden space 243200K, 33% used [0x00000000d5d80000,0x00000000dac52940,0x00000000e4b00000)
  from space 35328K, 56% used [0x00000000e4b00000,0x00000000e5e89b38,0x00000000e6d80000)
  to   space 35328K, 0% used [0x00000000ebc80000,0x00000000ebc80000,0x00000000edf00000)
 ParOldGen       total 121856K, used 38492K [0x0000000081800000, 0x0000000088f00000, 0x00000000d5d80000)
  object space 121856K, 31% used [0x0000000081800000,0x0000000083d970a0,0x0000000088f00000)
 Metaspace       used 42422K, capacity 43184K, committed 43432K, reserved 1087488K
  class space    used 4974K, capacity 5176K, committed 5288K, reserved 1048576K
GC Heap History (10 events):
Event: 8.658 GC heap before
{Heap before GC invocations=11 (full 1):
 PSYoungGen      total 158720K, used 158182K [0x00000000d5d80000, 0x00000000e4900000, 0x0000000100000000)
  eden space 131072K, 100% used [0x00000000d5d80000,0x00000000ddd80000,0x00000000ddd80000)
  from space 27648K, 98% used [0x00000000ddd80000,0x00000000df7f9830,0x00000000df880000)
  to   space 31744K, 0% used [0x00000000e2a00000,0x00000000e2a00000,0x00000000e4900000)
 ParOldGen       total 68608K, used 45351K [0x0000000081800000, 0x0000000085b00000, 0x00000000d5d80000)
  object space 68608K, 66% used [0x0000000081800000,0x0000000084449fb8,0x0000000085b00000)
 Metaspace       used 30083K, capacity 30694K, committed 30848K, reserved 1077248K
  class space    used 3466K, capacity 3647K, committed 3712K, reserved 1048576K
Event: 8.684 GC heap after
Heap after GC invocations=11 (full 1):
 PSYoungGen      total 207872K, used 23153K [0x00000000d5d80000, 0x00000000e5000000, 0x0000000100000000)
  eden space 176128K, 0% used [0x00000000d5d80000,0x00000000d5d80000,0x00000000e0980000)
  from space 31744K, 72% used [0x00000000e2a00000,0x00000000e409c518,0x00000000e4900000)
  to   space 33280K, 0% used [0x00000000e0980000,0x00000000e0980000,0x00000000e2a00000)
 ParOldGen       total 68608K, used 50259K [0x0000000081800000, 0x0000000085b00000, 0x00000000d5d80000)
  object space 68608K, 73% used [0x0000000081800000,0x0000000084914e20,0x0000000085b00000)
 Metaspace       used 30083K, capacity 30694K, committed 30848K, reserved 1077248K
  class space    used 3466K, capacity 3647K, committed 3712K, reserved 1048576K
}
Event: 9.743 GC heap before
{Heap before GC invocations=12 (full 1):
 PSYoungGen      total 207872K, used 199281K [0x00000000d5d80000, 0x00000000e5000000, 0x0000000100000000)
  eden space 176128K, 100% used [0x00000000d5d80000,0x00000000e0980000,0x00000000e0980000)
  from space 31744K, 72% used [0x00000000e2a00000,0x00000000e409c518,0x00000000e4900000)
  to   space 33280K, 0% used [0x00000000e0980000,0x00000000e0980000,0x00000000e2a00000)
 ParOldGen       total 68608K, used 50259K [0x0000000081800000, 0x0000000085b00000, 0x00000000d5d80000)
  object space 68608K, 73% used [0x0000000081800000,0x0000000084914e20,0x0000000085b00000)
 Metaspace       used 32960K, capacity 33628K, committed 33792K, reserved 1079296K
  class space    used 3822K, capacity 4010K, committed 4096K, reserved 1048576K
Event: 9.777 GC heap after
Heap after GC invocations=12 (full 1):
 PSYoungGen      total 209408K, used 24430K [0x00000000d5d80000, 0x00000000e8f80000, 0x0000000100000000)
  eden space 176128K, 0% used [0x00000000d5d80000,0x00000000d5d80000,0x00000000e0980000)
  from space 33280K, 73% used [0x00000000e0980000,0x00000000e215ba60,0x00000000e2a00000)
  to   space 34816K, 0% used [0x00000000e6d80000,0x00000000e6d80000,0x00000000e8f80000)
 ParOldGen       total 68608K, used 52270K [0x0000000081800000, 0x0000000085b00000, 0x00000000d5d80000)
  object space 68608K, 76% used [0x0000000081800000,0x0000000084b0b9f8,0x0000000085b00000)
 Metaspace       used 32960K, capacity 33628K, committed 33792K, reserved 1079296K
  class space    used 3822K, capacity 4010K, committed 4096K, reserved 1048576K
}
Event: 9.971 GC heap before
{Heap before GC invocations=13 (full 1):
 PSYoungGen      total 209408K, used 33833K [0x00000000d5d80000, 0x00000000e8f80000, 0x0000000100000000)
  eden space 176128K, 5% used [0x00000000d5d80000,0x00000000d66ae9f0,0x00000000e0980000)
  from space 33280K, 73% used [0x00000000e0980000,0x00000000e215ba60,0x00000000e2a00000)
  to   space 34816K, 0% used [0x00000000e6d80000,0x00000000e6d80000,0x00000000e8f80000)
 ParOldGen       total 68608K, used 52270K [0x0000000081800000, 0x0000000085b00000, 0x00000000d5d80000)
  object space 68608K, 76% used [0x0000000081800000,0x0000000084b0b9f8,0x0000000085b00000)
 Metaspace       used 34675K, capacity 35412K, committed 35496K, reserved 1081344K
  class space    used 4037K, capacity 4238K, committed 4264K, reserved 1048576K
Event: 9.984 GC heap after
Heap after GC invocations=13 (full 1):
 PSYoungGen      total 278016K, used 1221K [0x00000000d5d80000, 0x00000000e9500000, 0x0000000100000000)
  eden space 243200K, 0% used [0x00000000d5d80000,0x00000000d5d80000,0x00000000e4b00000)
  from space 34816K, 3% used [0x00000000e6d80000,0x00000000e6eb1578,0x00000000e8f80000)
  to   space 35328K, 0% used [0x00000000e4b00000,0x00000000e4b00000,0x00000000e6d80000)
 ParOldGen       total 68608K, used 58350K [0x0000000081800000, 0x0000000085b00000, 0x00000000d5d80000)
  object space 68608K, 85% used [0x0000000081800000,0x00000000850fbb48,0x0000000085b00000)
 Metaspace       used 34675K, capacity 35412K, committed 35496K, reserved 1081344K
  class space    used 4037K, capacity 4238K, committed 4264K, reserved 1048576K
}
Event: 9.984 GC heap before
{Heap before GC invocations=14 (full 2):
 PSYoungGen      total 278016K, used 1221K [0x00000000d5d80000, 0x00000000e9500000, 0x0000000100000000)
  eden space 243200K, 0% used [0x00000000d5d80000,0x00000000d5d80000,0x00000000e4b00000)
  from space 34816K, 3% used [0x00000000e6d80000,0x00000000e6eb1578,0x00000000e8f80000)
  to   space 35328K, 0% used [0x00000000e4b00000,0x00000000e4b00000,0x00000000e6d80000)
 ParOldGen       total 68608K, used 58350K [0x0000000081800000, 0x0000000085b00000, 0x00000000d5d80000)
  object space 68608K, 85% used [0x0000000081800000,0x00000000850fbb48,0x0000000085b00000)
 Metaspace       used 34675K, capacity 35412K, committed 35496K, reserved 1081344K
  class space    used 4037K, capacity 4238K, committed 4264K, reserved 1048576K
Event: 10.199 GC heap after
Heap after GC invocations=14 (full 2):
 PSYoungGen      total 278016K, used 0K [0x00000000d5d80000, 0x00000000e9500000, 0x0000000100000000)
  eden space 243200K, 0% used [0x00000000d5d80000,0x00000000d5d80000,0x00000000e4b00000)
  from space 34816K, 0% used [0x00000000e6d80000,0x00000000e6d80000,0x00000000e8f80000)
  to   space 35328K, 0% used [0x00000000e4b00000,0x00000000e4b00000,0x00000000e6d80000)
 ParOldGen       total 121856K, used 38484K [0x0000000081800000, 0x0000000088f00000, 0x00000000d5d80000)
  object space 121856K, 31% used [0x0000000081800000,0x0000000083d950a0,0x0000000088f00000)
 Metaspace       used 34675K, capacity 35412K, committed 35496K, reserved 1081344K
  class space    used 4037K, capacity 4238K, committed 4264K, reserved 1048576K
}
Event: 12.288 GC heap before
{Heap before GC invocations=15 (full 2):
 PSYoungGen      total 278016K, used 243200K [0x00000000d5d80000, 0x00000000e9500000, 0x0000000100000000)
  eden space 243200K, 100% used [0x00000000d5d80000,0x00000000e4b00000,0x00000000e4b00000)
  from space 34816K, 0% used [0x00000000e6d80000,0x00000000e6d80000,0x00000000e8f80000)
  to   space 35328K, 0% used [0x00000000e4b00000,0x00000000e4b00000,0x00000000e6d80000)
 ParOldGen       total 121856K, used 38484K [0x0000000081800000, 0x0000000088f00000, 0x00000000d5d80000)
  object space 121856K, 31% used [0x0000000081800000,0x0000000083d950a0,0x0000000088f00000)
 Metaspace       used 42196K, capacity 42980K, committed 43176K, reserved 1087488K
  class space    used 4973K, capacity 5174K, committed 5288K, reserved 1048576K
Event: 12.317 GC heap after
Heap after GC invocations=15 (full 2):
 PSYoungGen      total 278528K, used 20006K [0x00000000d5d80000, 0x00000000edf00000, 0x0000000100000000)
  eden space 243200K, 0% used [0x00000000d5d80000,0x00000000d5d80000,0x00000000e4b00000)
  from space 35328K, 56% used [0x00000000e4b00000,0x00000000e5e89b38,0x00000000e6d80000)
  to   space 35328K, 0% used [0x00000000ebc80000,0x00000000ebc80000,0x00000000edf00000)
 ParOldGen       total 121856K, used 38492K [0x0000000081800000, 0x0000000088f00000, 0x00000000d5d80000)
  object space 121856K, 31% used [0x0000000081800000,0x0000000083d970a0,0x0000000088f00000)
 Metaspace       used 42196K, capacity 42980K, committed 43176K, reserved 1087488K
  class space    used 4973K, capacity 5174K, committed 5288K, reserved 1048576K
}

