# JRE version: Java(TM) SE Runtime Environment (8.0_112-b15) (build 1.8.0_112-b15)
# Java VM: Java HotSpot(TM) 64-Bit Server VM (25.112-b15 mixed mode windows-amd64 compressed oops)
Heap:
 PSYoungGen      total 317952K, used 42953K [0x00000000d5d80000, 0x00000000eb980000, 0x0000000100000000)
  eden space 282624K, 4% used [0x00000000d5d80000,0x00000000d69134d0,0x00000000e7180000)
  from space 35328K, 88% used [0x00000000e7180000,0x00000000e8fdf0f8,0x00000000e9400000)
  to   space 31744K, 0% used [0x00000000e9400000,0x00000000e9400000,0x00000000eb300000)
 ParOldGen       total 117248K, used 42146K [0x0000000081800000, 0x0000000088a80000, 0x00000000d5d80000)
  object space 117248K, 35% used [0x0000000081800000,0x0000000084128b60,0x0000000088a80000)
 Metaspace       used 52819K, capacity 53726K, committed 54064K, reserved 1097728K
  class space    used 5932K, capacity 6131K, committed 6192K, reserved 1048576K
GC Heap History (10 events):
Event: 6.904 GC heap before
{Heap before GC invocations=11 (full 1):
 PSYoungGen      total 226816K, used 226815K [0x00000000d5d80000, 0x00000000eb300000, 0x0000000100000000)
  eden space 204288K, 100% used [0x00000000d5d80000,0x00000000e2500000,0x00000000e2500000)
  from space 22528K, 99% used [0x00000000e2500000,0x00000000e3affe70,0x00000000e3b00000)
  to   space 31744K, 0% used [0x00000000e9400000,0x00000000e9400000,0x00000000eb300000)
 ParOldGen       total 66560K, used 47778K [0x0000000081800000, 0x0000000085900000, 0x00000000d5d80000)
  object space 66560K, 71% used [0x0000000081800000,0x00000000846a88c8,0x0000000085900000)
 Metaspace       used 30277K, capacity 30920K, committed 31280K, reserved 1077248K
  class space    used 3557K, capacity 3784K, committed 3888K, reserved 1048576K
Event: 6.938 GC heap after
Heap after GC invocations=11 (full 1):
 PSYoungGen      total 314368K, used 28350K [0x00000000d5d80000, 0x00000000eb980000, 0x0000000100000000)
  eden space 282624K, 0% used [0x00000000d5d80000,0x00000000d5d80000,0x00000000e7180000)
  from space 31744K, 89% used [0x00000000e9400000,0x00000000eafaf958,0x00000000eb300000)
  to   space 35328K, 0% used [0x00000000e7180000,0x00000000e7180000,0x00000000e9400000)
 ParOldGen       total 66560K, used 51596K [0x0000000081800000, 0x0000000085900000, 0x00000000d5d80000)
  object space 66560K, 77% used [0x0000000081800000,0x0000000084a63258,0x0000000085900000)
 Metaspace       used 30277K, capacity 30920K, committed 31280K, reserved 1077248K
  class space    used 3557K, capacity 3784K, committed 3888K, reserved 1048576K
}
Event: 7.965 GC heap before
{Heap before GC invocations=12 (full 1):
 PSYoungGen      total 314368K, used 169447K [0x00000000d5d80000, 0x00000000eb980000, 0x0000000100000000)
  eden space 282624K, 49% used [0x00000000d5d80000,0x00000000de74a310,0x00000000e7180000)
  from space 31744K, 89% used [0x00000000e9400000,0x00000000eafaf958,0x00000000eb300000)
  to   space 35328K, 0% used [0x00000000e7180000,0x00000000e7180000,0x00000000e9400000)
 ParOldGen       total 66560K, used 51596K [0x0000000081800000, 0x0000000085900000, 0x00000000d5d80000)
  object space 66560K, 77% used [0x0000000081800000,0x0000000084a63258,0x0000000085900000)
 Metaspace       used 34563K, capacity 35238K, committed 35496K, reserved 1081344K
  class space    used 4141K, capacity 4365K, committed 4400K, reserved 1048576K
Event: 7.995 GC heap after
Heap after GC invocations=12 (full 1):
 PSYoungGen      total 317952K, used 15367K [0x00000000d5d80000, 0x00000000eb980000, 0x0000000100000000)
  eden space 282624K, 0% used [0x00000000d5d80000,0x00000000d5d80000,0x00000000e7180000)
  from space 35328K, 43% used [0x00000000e7180000,0x00000000e8081ce8,0x00000000e9400000)
  to   space 31744K, 0% used [0x00000000e9400000,0x00000000e9400000,0x00000000eb300000)
 ParOldGen       total 66560K, used 58964K [0x0000000081800000, 0x0000000085900000, 0x00000000d5d80000)
  object space 66560K, 88% used [0x0000000081800000,0x00000000851952d0,0x0000000085900000)
 Metaspace       used 34563K, capacity 35238K, committed 35496K, reserved 1081344K
  class space    used 4141K, capacity 4365K, committed 4400K, reserved 1048576K
}
Event: 7.995 GC heap before
{Heap before GC invocations=13 (full 2):
 PSYoungGen      total 317952K, used 15367K [0x00000000d5d80000, 0x00000000eb980000, 0x0000000100000000)
  eden space 282624K, 0% used [0x00000000d5d80000,0x00000000d5d80000,0x00000000e7180000)
  from space 35328K, 43% used [0x00000000e7180000,0x00000000e8081ce8,0x00000000e9400000)
  to   space 31744K, 0% used [0x00000000e9400000,0x00000000e9400000,0x00000000eb300000)
 ParOldGen       total 66560K, used 58964K [0x0000000081800000, 0x0000000085900000, 0x00000000d5d80000)
  object space 66560K, 88% used [0x0000000081800000,0x00000000851952d0,0x0000000085900000)
 Metaspace       used 34563K, capacity 35238K, committed 35496K, reserved 1081344K
  class space    used 4141K, capacity 4365K, committed 4400K, reserved 1048576K
Event: 8.104 GC heap after
Heap after GC invocations=13 (full 2):
 PSYoungGen      total 317952K, used 0K [0x00000000d5d80000, 0x00000000eb980000, 0x0000000100000000)
  eden space 282624K, 0% used [0x00000000d5d80000,0x00000000d5d80000,0x00000000e7180000)
  from space 35328K, 0% used [0x00000000e7180000,0x00000000e7180000,0x00000000e9400000)
  to   space 31744K, 0% used [0x00000000e9400000,0x00000000e9400000,0x00000000eb300000)
 ParOldGen       total 117248K, used 37771K [0x0000000081800000, 0x0000000088a80000, 0x00000000d5d80000)
  object space 117248K, 32% used [0x0000000081800000,0x0000000083ce2fa8,0x0000000088a80000)
 Metaspace       used 34563K, capacity 35238K, committed 35496K, reserved 1081344K
  class space    used 4141K, capacity 4365K, committed 4400K, reserved 1048576K
}
Event: 8.960 GC heap before
{Heap before GC invocations=14 (full 2):
 PSYoungGen      total 317952K, used 282624K [0x00000000d5d80000, 0x00000000eb980000, 0x0000000100000000)
  eden space 282624K, 100% used [0x00000000d5d80000,0x00000000e7180000,0x00000000e7180000)
  from space 35328K, 0% used [0x00000000e7180000,0x00000000e7180000,0x00000000e9400000)
  to   space 31744K, 0% used [0x00000000e9400000,0x00000000e9400000,0x00000000eb300000)
 ParOldGen       total 117248K, used 37771K [0x0000000081800000, 0x0000000088a80000, 0x00000000d5d80000)
  object space 117248K, 32% used [0x0000000081800000,0x0000000083ce2fa8,0x0000000088a80000)
 Metaspace       used 36833K, capacity 37514K, committed 37936K, reserved 1083392K
  class space    used 4351K, capacity 4563K, committed 4656K, reserved 1048576K
Event: 8.969 GC heap after
Heap after GC invocations=14 (full 2):
 PSYoungGen      total 314368K, used 11012K [0x00000000d5d80000, 0x00000000eb980000, 0x0000000100000000)
  eden space 282624K, 0% used [0x00000000d5d80000,0x00000000d5d80000,0x00000000e7180000)
  from space 31744K, 34% used [0x00000000e9400000,0x00000000e9ec13b0,0x00000000eb300000)
  to   space 35328K, 0% used [0x00000000e7180000,0x00000000e7180000,0x00000000e9400000)
 ParOldGen       total 117248K, used 37771K [0x0000000081800000, 0x0000000088a80000, 0x00000000d5d80000)
  object space 117248K, 32% used [0x0000000081800000,0x0000000083ce2fa8,0x0000000088a80000)
 Metaspace       used 36833K, capacity 37514K, committed 37936K, reserved 1083392K
  class space    used 4351K, capacity 4563K, committed 4656K, reserved 1048576K
}
Event: 24.538 GC heap before
{Heap before GC invocations=15 (full 2):
 PSYoungGen      total 314368K, used 293636K [0x00000000d5d80000, 0x00000000eb980000, 0x0000000100000000)
  eden space 282624K, 100% used [0x00000000d5d80000,0x00000000e7180000,0x00000000e7180000)
  from space 31744K, 34% used [0x00000000e9400000,0x00000000e9ec13b0,0x00000000eb300000)
  to   space 35328K, 0% used [0x00000000e7180000,0x00000000e7180000,0x00000000e9400000)
 ParOldGen       total 117248K, used 37771K [0x0000000081800000, 0x0000000088a80000, 0x00000000d5d80000)
  object space 117248K, 32% used [0x0000000081800000,0x0000000083ce2fa8,0x0000000088a80000)
 Metaspace       used 52588K, capacity 53324K, committed 53808K, reserved 1097728K
  class space    used 5923K, capacity 6127K, committed 6192K, reserved 1048576K
Event: 24.578 GC heap after
Heap after GC invocations=15 (full 2):
 PSYoungGen      total 317952K, used 31100K [0x00000000d5d80000, 0x00000000eb980000, 0x0000000100000000)
  eden space 282624K, 0% used [0x00000000d5d80000,0x00000000d5d80000,0x00000000e7180000)
  from space 35328K, 88% used [0x00000000e7180000,0x00000000e8fdf0f8,0x00000000e9400000)
  to   space 31744K, 0% used [0x00000000e9400000,0x00000000e9400000,0x00000000eb300000)
 ParOldGen       total 117248K, used 42146K [0x0000000081800000, 0x0000000088a80000, 0x00000000d5d80000)
  object space 117248K, 35% used [0x0000000081800000,0x0000000084128b60,0x0000000088a80000)
 Metaspace       used 52588K, capacity 53324K, committed 53808K, reserved 1097728K
  class space    used 5923K, capacity 6127K, committed 6192K, reserved 1048576K
}

