# JRE version: Java(TM) SE Runtime Environment (8.0_112-b15) (build 1.8.0_112-b15)
# Java VM: Java HotSpot(TM) 64-Bit Server VM (25.112-b15 mixed mode windows-amd64 compressed oops)
Heap:
 PSYoungGen      total 372224K, used 200618K [0x00000000d5d80000, 0x00000000ef300000, 0x0000000100000000)
  eden space 349696K, 54% used [0x00000000d5d80000,0x00000000e1852ce8,0x00000000eb300000)
  from space 22528K, 41% used [0x00000000edd00000,0x00000000ee617c10,0x00000000ef300000)
  to   space 32768K, 0% used [0x00000000eb300000,0x00000000eb300000,0x00000000ed300000)
 ParOldGen       total 123392K, used 38675K [0x0000000081800000, 0x0000000089080000, 0x00000000d5d80000)
  object space 123392K, 31% used [0x0000000081800000,0x0000000083dc4cc0,0x0000000089080000)
 Metaspace       used 42876K, capacity 43568K, committed 44080K, reserved 1087488K
  class space    used 5091K, capacity 5317K, committed 5424K, reserved 1048576K
GC Heap History (10 events):
Event: 6.422 GC heap before
{Heap before GC invocations=10 (full 1):
 PSYoungGen      total 205824K, used 205796K [0x00000000d5d80000, 0x00000000e5700000, 0x0000000100000000)
  eden space 189952K, 100% used [0x00000000d5d80000,0x00000000e1700000,0x00000000e1700000)
  from space 15872K, 99% used [0x00000000e2c80000,0x00000000e3bf9218,0x00000000e3c00000)
  to   space 22016K, 0% used [0x00000000e1700000,0x00000000e1700000,0x00000000e2c80000)
 ParOldGen       total 69632K, used 32641K [0x0000000081800000, 0x0000000085c00000, 0x00000000d5d80000)
  object space 69632K, 46% used [0x0000000081800000,0x00000000837e06d0,0x0000000085c00000)
 Metaspace       used 23875K, capacity 24332K, committed 24496K, reserved 1071104K
  class space    used 2778K, capacity 2933K, committed 2992K, reserved 1048576K
Event: 6.462 GC heap after
Heap after GC invocations=10 (full 1):
 PSYoungGen      total 211968K, used 21988K [0x00000000d5d80000, 0x00000000e9d00000, 0x0000000100000000)
  eden space 189952K, 0% used [0x00000000d5d80000,0x00000000d5d80000,0x00000000e1700000)
  from space 22016K, 99% used [0x00000000e1700000,0x00000000e2c791e8,0x00000000e2c80000)
  to   space 31232K, 0% used [0x00000000e7e80000,0x00000000e7e80000,0x00000000e9d00000)
 ParOldGen       total 69632K, used 48198K [0x0000000081800000, 0x0000000085c00000, 0x00000000d5d80000)
  object space 69632K, 69% used [0x0000000081800000,0x0000000084711828,0x0000000085c00000)
 Metaspace       used 23875K, capacity 24332K, committed 24496K, reserved 1071104K
  class space    used 2778K, capacity 2933K, committed 2992K, reserved 1048576K
}
Event: 7.746 GC heap before
{Heap before GC invocations=11 (full 1):
 PSYoungGen      total 211968K, used 211940K [0x00000000d5d80000, 0x00000000e9d00000, 0x0000000100000000)
  eden space 189952K, 100% used [0x00000000d5d80000,0x00000000e1700000,0x00000000e1700000)
  from space 22016K, 99% used [0x00000000e1700000,0x00000000e2c791e8,0x00000000e2c80000)
  to   space 31232K, 0% used [0x00000000e7e80000,0x00000000e7e80000,0x00000000e9d00000)
 ParOldGen       total 69632K, used 48198K [0x0000000081800000, 0x0000000085c00000, 0x00000000d5d80000)
  object space 69632K, 69% used [0x0000000081800000,0x0000000084711828,0x0000000085c00000)
 Metaspace       used 29959K, capacity 30592K, committed 30896K, reserved 1077248K
  class space    used 3528K, capacity 3718K, committed 3760K, reserved 1048576K
Event: 7.789 GC heap after
Heap after GC invocations=11 (full 1):
 PSYoungGen      total 291840K, used 28778K [0x00000000d5d80000, 0x00000000ea480000, 0x0000000100000000)
  eden space 260608K, 0% used [0x00000000d5d80000,0x00000000d5d80000,0x00000000e5c00000)
  from space 31232K, 92% used [0x00000000e7e80000,0x00000000e9a9aa20,0x00000000e9d00000)
  to   space 35328K, 0% used [0x00000000e5c00000,0x00000000e5c00000,0x00000000e7e80000)
 ParOldGen       total 69632K, used 52186K [0x0000000081800000, 0x0000000085c00000, 0x00000000d5d80000)
  object space 69632K, 74% used [0x0000000081800000,0x0000000084af6a78,0x0000000085c00000)
 Metaspace       used 29959K, capacity 30592K, committed 30896K, reserved 1077248K
  class space    used 3528K, capacity 3718K, committed 3760K, reserved 1048576K
}
Event: 9.309 GC heap before
{Heap before GC invocations=12 (full 1):
 PSYoungGen      total 291840K, used 196759K [0x00000000d5d80000, 0x00000000ea480000, 0x0000000100000000)
  eden space 260608K, 64% used [0x00000000d5d80000,0x00000000e018b510,0x00000000e5c00000)
  from space 31232K, 92% used [0x00000000e7e80000,0x00000000e9a9aa20,0x00000000e9d00000)
  to   space 35328K, 0% used [0x00000000e5c00000,0x00000000e5c00000,0x00000000e7e80000)
 ParOldGen       total 69632K, used 52186K [0x0000000081800000, 0x0000000085c00000, 0x00000000d5d80000)
  object space 69632K, 74% used [0x0000000081800000,0x0000000084af6a78,0x0000000085c00000)
 Metaspace       used 34645K, capacity 35242K, committed 35496K, reserved 1081344K
  class space    used 4135K, capacity 4365K, committed 4400K, reserved 1048576K
Event: 9.340 GC heap after
Heap after GC invocations=12 (full 1):
 PSYoungGen      total 295936K, used 16703K [0x00000000d5d80000, 0x00000000efe00000, 0x0000000100000000)
  eden space 260608K, 0% used [0x00000000d5d80000,0x00000000d5d80000,0x00000000e5c00000)
  from space 35328K, 47% used [0x00000000e5c00000,0x00000000e6c4fdf8,0x00000000e7e80000)
  to   space 33792K, 0% used [0x00000000edd00000,0x00000000edd00000,0x00000000efe00000)
 ParOldGen       total 69632K, used 59246K [0x0000000081800000, 0x0000000085c00000, 0x00000000d5d80000)
  object space 69632K, 85% used [0x0000000081800000,0x00000000851dbb38,0x0000000085c00000)
 Metaspace       used 34645K, capacity 35242K, committed 35496K, reserved 1081344K
  class space    used 4135K, capacity 4365K, committed 4400K, reserved 1048576K
}
Event: 9.340 GC heap before
{Heap before GC invocations=13 (full 2):
 PSYoungGen      total 295936K, used 16703K [0x00000000d5d80000, 0x00000000efe00000, 0x0000000100000000)
  eden space 260608K, 0% used [0x00000000d5d80000,0x00000000d5d80000,0x00000000e5c00000)
  from space 35328K, 47% used [0x00000000e5c00000,0x00000000e6c4fdf8,0x00000000e7e80000)
  to   space 33792K, 0% used [0x00000000edd00000,0x00000000edd00000,0x00000000efe00000)
 ParOldGen       total 69632K, used 59246K [0x0000000081800000, 0x0000000085c00000, 0x00000000d5d80000)
  object space 69632K, 85% used [0x0000000081800000,0x00000000851dbb38,0x0000000085c00000)
 Metaspace       used 34645K, capacity 35242K, committed 35496K, reserved 1081344K
  class space    used 4135K, capacity 4365K, committed 4400K, reserved 1048576K
Event: 9.454 GC heap after
Heap after GC invocations=13 (full 2):
 PSYoungGen      total 295936K, used 0K [0x00000000d5d80000, 0x00000000efe00000, 0x0000000100000000)
  eden space 260608K, 0% used [0x00000000d5d80000,0x00000000d5d80000,0x00000000e5c00000)
  from space 35328K, 0% used [0x00000000e5c00000,0x00000000e5c00000,0x00000000e7e80000)
  to   space 33792K, 0% used [0x00000000edd00000,0x00000000edd00000,0x00000000efe00000)
 ParOldGen       total 123392K, used 38667K [0x0000000081800000, 0x0000000089080000, 0x00000000d5d80000)
  object space 123392K, 31% used [0x0000000081800000,0x0000000083dc2cc0,0x0000000089080000)
 Metaspace       used 34645K, capacity 35242K, committed 35496K, reserved 1081344K
  class space    used 4135K, capacity 4365K, committed 4400K, reserved 1048576K
}
Event: 10.352 GC heap before
{Heap before GC invocations=14 (full 2):
 PSYoungGen      total 295936K, used 260608K [0x00000000d5d80000, 0x00000000efe00000, 0x0000000100000000)
  eden space 260608K, 100% used [0x00000000d5d80000,0x00000000e5c00000,0x00000000e5c00000)
  from space 35328K, 0% used [0x00000000e5c00000,0x00000000e5c00000,0x00000000e7e80000)
  to   space 33792K, 0% used [0x00000000edd00000,0x00000000edd00000,0x00000000efe00000)
 ParOldGen       total 123392K, used 38667K [0x0000000081800000, 0x0000000089080000, 0x00000000d5d80000)
  object space 123392K, 31% used [0x0000000081800000,0x0000000083dc2cc0,0x0000000089080000)
 Metaspace       used 36591K, capacity 37230K, committed 37680K, reserved 1083392K
  class space    used 4309K, capacity 4531K, committed 4656K, reserved 1048576K
Event: 10.366 GC heap after
Heap after GC invocations=14 (full 2):
 PSYoungGen      total 372224K, used 9311K [0x00000000d5d80000, 0x00000000ef300000, 0x0000000100000000)
  eden space 349696K, 0% used [0x00000000d5d80000,0x00000000d5d80000,0x00000000eb300000)
  from space 22528K, 41% used [0x00000000edd00000,0x00000000ee617c10,0x00000000ef300000)
  to   space 32768K, 0% used [0x00000000eb300000,0x00000000eb300000,0x00000000ed300000)
 ParOldGen       total 123392K, used 38675K [0x0000000081800000, 0x0000000089080000, 0x00000000d5d80000)
  object space 123392K, 31% used [0x0000000081800000,0x0000000083dc4cc0,0x0000000089080000)
 Metaspace       used 36591K, capacity 37230K, committed 37680K, reserved 1083392K
  class space    used 4309K, capacity 4531K, committed 4656K, reserved 1048576K
}

