# JRE version: Java(TM) SE Runtime Environment (8.0_112-b15) (build 1.8.0_112-b15)
# Java VM: Java HotSpot(TM) 64-Bit Server VM (25.112-b15 mixed mode windows-amd64 compressed oops)
Heap:
 PSYoungGen      total 119808K, used 30726K [0x00000000eb580000, 0x00000000f4f00000, 0x0000000100000000)
  eden space 99328K, 17% used [0x00000000eb580000,0x00000000ec6f25d8,0x00000000f1680000)
  from space 20480K, 62% used [0x00000000f1680000,0x00000000f230f480,0x00000000f2a80000)
  to   space 20480K, 0% used [0x00000000f3b00000,0x00000000f3b00000,0x00000000f4f00000)
 ParOldGen       total 53248K, used 42059K [0x00000000c2000000, 0x00000000c5400000, 0x00000000eb580000)
  object space 53248K, 78% used [0x00000000c2000000,0x00000000c4912c58,0x00000000c5400000)
 Metaspace       used 28985K, capacity 29564K, committed 29744K, reserved 1075200K
  class space    used 3402K, capacity 3590K, committed 3632K, reserved 1048576K
GC Heap History (10 events):
Event: 19.858 GC heap before
{Heap before GC invocations=31 (full 2):
 PSYoungGen      total 83456K, used 79520K [0x00000000eb580000, 0x00000000f1700000, 0x0000000100000000)
  eden space 68608K, 100% used [0x00000000eb580000,0x00000000ef880000,0x00000000ef880000)
  from space 14848K, 73% used [0x00000000f0780000,0x00000000f1228328,0x00000000f1600000)
  to   space 15360K, 0% used [0x00000000ef880000,0x00000000ef880000,0x00000000f0780000)
 ParOldGen       total 53248K, used 34761K [0x00000000c2000000, 0x00000000c5400000, 0x00000000eb580000)
  object space 53248K, 65% used [0x00000000c2000000,0x00000000c41f2488,0x00000000c5400000)
 Metaspace       used 23956K, capacity 24402K, committed 24496K, reserved 1071104K
  class space    used 2789K, capacity 2935K, committed 2992K, reserved 1048576K
Event: 19.873 GC heap after
Heap after GC invocations=31 (full 2):
 PSYoungGen      total 83968K, used 12607K [0x00000000eb580000, 0x00000000f2880000, 0x0000000100000000)
  eden space 68608K, 0% used [0x00000000eb580000,0x00000000eb580000,0x00000000ef880000)
  from space 15360K, 82% used [0x00000000ef880000,0x00000000f04cfd28,0x00000000f0780000)
  to   space 16896K, 0% used [0x00000000f1800000,0x00000000f1800000,0x00000000f2880000)
 ParOldGen       total 53248K, used 36232K [0x00000000c2000000, 0x00000000c5400000, 0x00000000eb580000)
  object space 53248K, 68% used [0x00000000c2000000,0x00000000c4362170,0x00000000c5400000)
 Metaspace       used 23956K, capacity 24402K, committed 24496K, reserved 1071104K
  class space    used 2789K, capacity 2935K, committed 2992K, reserved 1048576K
}
Event: 20.339 GC heap before
{Heap before GC invocations=32 (full 2):
 PSYoungGen      total 83968K, used 81215K [0x00000000eb580000, 0x00000000f2880000, 0x0000000100000000)
  eden space 68608K, 100% used [0x00000000eb580000,0x00000000ef880000,0x00000000ef880000)
  from space 15360K, 82% used [0x00000000ef880000,0x00000000f04cfd28,0x00000000f0780000)
  to   space 16896K, 0% used [0x00000000f1800000,0x00000000f1800000,0x00000000f2880000)
 ParOldGen       total 53248K, used 36232K [0x00000000c2000000, 0x00000000c5400000, 0x00000000eb580000)
  object space 53248K, 68% used [0x00000000c2000000,0x00000000c4362170,0x00000000c5400000)
 Metaspace       used 23964K, capacity 24402K, committed 24496K, reserved 1071104K
  class space    used 2789K, capacity 2935K, committed 2992K, reserved 1048576K
Event: 20.354 GC heap after
Heap after GC invocations=32 (full 2):
 PSYoungGen      total 99840K, used 12865K [0x00000000eb580000, 0x00000000f2a00000, 0x0000000100000000)
  eden space 82944K, 0% used [0x00000000eb580000,0x00000000eb580000,0x00000000f0680000)
  from space 16896K, 76% used [0x00000000f1800000,0x00000000f24906b0,0x00000000f2880000)
  to   space 17920K, 0% used [0x00000000f0680000,0x00000000f0680000,0x00000000f1800000)
 ParOldGen       total 53248K, used 37809K [0x00000000c2000000, 0x00000000c5400000, 0x00000000eb580000)
  object space 53248K, 71% used [0x00000000c2000000,0x00000000c44ec550,0x00000000c5400000)
 Metaspace       used 23964K, capacity 24402K, committed 24496K, reserved 1071104K
  class space    used 2789K, capacity 2935K, committed 2992K, reserved 1048576K
}
Event: 20.780 GC heap before
{Heap before GC invocations=33 (full 2):
 PSYoungGen      total 99840K, used 95809K [0x00000000eb580000, 0x00000000f2a00000, 0x0000000100000000)
  eden space 82944K, 100% used [0x00000000eb580000,0x00000000f0680000,0x00000000f0680000)
  from space 16896K, 76% used [0x00000000f1800000,0x00000000f24906b0,0x00000000f2880000)
  to   space 17920K, 0% used [0x00000000f0680000,0x00000000f0680000,0x00000000f1800000)
 ParOldGen       total 53248K, used 37809K [0x00000000c2000000, 0x00000000c5400000, 0x00000000eb580000)
  object space 53248K, 71% used [0x00000000c2000000,0x00000000c44ec550,0x00000000c5400000)
 Metaspace       used 23975K, capacity 24434K, committed 24496K, reserved 1071104K
  class space    used 2791K, capacity 2967K, committed 2992K, reserved 1048576K
Event: 20.796 GC heap after
Heap after GC invocations=33 (full 2):
 PSYoungGen      total 100864K, used 14257K [0x00000000eb580000, 0x00000000f3d80000, 0x0000000100000000)
  eden space 82944K, 0% used [0x00000000eb580000,0x00000000eb580000,0x00000000f0680000)
  from space 17920K, 79% used [0x00000000f0680000,0x00000000f146c7b0,0x00000000f1800000)
  to   space 19456K, 0% used [0x00000000f2a80000,0x00000000f2a80000,0x00000000f3d80000)
 ParOldGen       total 53248K, used 39167K [0x00000000c2000000, 0x00000000c5400000, 0x00000000eb580000)
  object space 53248K, 73% used [0x00000000c2000000,0x00000000c463fda0,0x00000000c5400000)
 Metaspace       used 23975K, capacity 24434K, committed 24496K, reserved 1071104K
  class space    used 2791K, capacity 2967K, committed 2992K, reserved 1048576K
}
Event: 21.232 GC heap before
{Heap before GC invocations=34 (full 2):
 PSYoungGen      total 100864K, used 97201K [0x00000000eb580000, 0x00000000f3d80000, 0x0000000100000000)
  eden space 82944K, 100% used [0x00000000eb580000,0x00000000f0680000,0x00000000f0680000)
  from space 17920K, 79% used [0x00000000f0680000,0x00000000f146c7b0,0x00000000f1800000)
  to   space 19456K, 0% used [0x00000000f2a80000,0x00000000f2a80000,0x00000000f3d80000)
 ParOldGen       total 53248K, used 39167K [0x00000000c2000000, 0x00000000c5400000, 0x00000000eb580000)
  object space 53248K, 73% used [0x00000000c2000000,0x00000000c463fda0,0x00000000c5400000)
 Metaspace       used 23975K, capacity 24434K, committed 24496K, reserved 1071104K
  class space    used 2791K, capacity 2967K, committed 2992K, reserved 1048576K
Event: 21.254 GC heap after
Heap after GC invocations=34 (full 2):
 PSYoungGen      total 118784K, used 14234K [0x00000000eb580000, 0x00000000f3f80000, 0x0000000100000000)
  eden space 99328K, 0% used [0x00000000eb580000,0x00000000eb580000,0x00000000f1680000)
  from space 19456K, 73% used [0x00000000f2a80000,0x00000000f3866b18,0x00000000f3d80000)
  to   space 20480K, 0% used [0x00000000f1680000,0x00000000f1680000,0x00000000f2a80000)
 ParOldGen       total 53248K, used 40659K [0x00000000c2000000, 0x00000000c5400000, 0x00000000eb580000)
  object space 53248K, 76% used [0x00000000c2000000,0x00000000c47b4cf0,0x00000000c5400000)
 Metaspace       used 23975K, capacity 24434K, committed 24496K, reserved 1071104K
  class space    used 2791K, capacity 2967K, committed 2992K, reserved 1048576K
}
Event: 22.455 GC heap before
{Heap before GC invocations=35 (full 2):
 PSYoungGen      total 118784K, used 113562K [0x00000000eb580000, 0x00000000f3f80000, 0x0000000100000000)
  eden space 99328K, 100% used [0x00000000eb580000,0x00000000f1680000,0x00000000f1680000)
  from space 19456K, 73% used [0x00000000f2a80000,0x00000000f3866b18,0x00000000f3d80000)
  to   space 20480K, 0% used [0x00000000f1680000,0x00000000f1680000,0x00000000f2a80000)
 ParOldGen       total 53248K, used 40659K [0x00000000c2000000, 0x00000000c5400000, 0x00000000eb580000)
  object space 53248K, 76% used [0x00000000c2000000,0x00000000c47b4cf0,0x00000000c5400000)
 Metaspace       used 25753K, capacity 26340K, committed 26544K, reserved 1073152K
  class space    used 2998K, capacity 3202K, committed 3248K, reserved 1048576K
Event: 22.480 GC heap after
Heap after GC invocations=35 (full 2):
 PSYoungGen      total 119808K, used 12861K [0x00000000eb580000, 0x00000000f4f00000, 0x0000000100000000)
  eden space 99328K, 0% used [0x00000000eb580000,0x00000000eb580000,0x00000000f1680000)
  from space 20480K, 62% used [0x00000000f1680000,0x00000000f230f480,0x00000000f2a80000)
  to   space 20480K, 0% used [0x00000000f3b00000,0x00000000f3b00000,0x00000000f4f00000)
 ParOldGen       total 53248K, used 42059K [0x00000000c2000000, 0x00000000c5400000, 0x00000000eb580000)
  object space 53248K, 78% used [0x00000000c2000000,0x00000000c4912c58,0x00000000c5400000)
 Metaspace       used 25753K, capacity 26340K, committed 26544K, reserved 1073152K
  class space    used 2998K, capacity 3202K, committed 3248K, reserved 1048576K
}

