# JRE version: Java(TM) SE Runtime Environment (8.0_112-b15) (build 1.8.0_112-b15)
# Java VM: Java HotSpot(TM) 64-Bit Server VM (25.112-b15 mixed mode windows-amd64 compressed oops)
Heap:
 PSYoungGen      total 340480K, used 212079K [0x00000000d5d80000, 0x00000000eca80000, 0x0000000100000000)
  eden space 308224K, 66% used [0x00000000d5d80000,0x00000000e266d508,0x00000000e8a80000)
  from space 32256K, 19% used [0x00000000eab00000,0x00000000eb12e8b0,0x00000000eca80000)
  to   space 32768K, 0% used [0x00000000e8a80000,0x00000000e8a80000,0x00000000eaa80000)
 ParOldGen       total 130048K, used 40534K [0x0000000081800000, 0x0000000089700000, 0x00000000d5d80000)
  object space 130048K, 31% used [0x0000000081800000,0x0000000083f958b0,0x0000000089700000)
 Metaspace       used 41752K, capacity 42406K, committed 42672K, reserved 1087488K
  class space    used 4983K, capacity 5187K, committed 5296K, reserved 1048576K
GC Heap History (10 events):
Event: 5.975 GC heap before
{Heap before GC invocations=10 (full 1):
 PSYoungGen      total 196608K, used 196586K [0x00000000d5d80000, 0x00000000e4a80000, 0x0000000100000000)
  eden space 180224K, 100% used [0x00000000d5d80000,0x00000000e0d80000,0x00000000e0d80000)
  from space 16384K, 99% used [0x00000000e2400000,0x00000000e33fa990,0x00000000e3400000)
  to   space 23040K, 0% used [0x00000000e0d80000,0x00000000e0d80000,0x00000000e2400000)
 ParOldGen       total 72192K, used 34501K [0x0000000081800000, 0x0000000085e80000, 0x00000000d5d80000)
  object space 72192K, 47% used [0x0000000081800000,0x00000000839b1618,0x0000000085e80000)
 Metaspace       used 23841K, capacity 24342K, committed 24496K, reserved 1071104K
  class space    used 2782K, capacity 2935K, committed 2992K, reserved 1048576K
Event: 6.008 GC heap after
Heap after GC invocations=10 (full 1):
 PSYoungGen      total 203264K, used 23014K [0x00000000d5d80000, 0x00000000e8300000, 0x0000000100000000)
  eden space 180224K, 0% used [0x00000000d5d80000,0x00000000d5d80000,0x00000000e0d80000)
  from space 23040K, 99% used [0x00000000e0d80000,0x00000000e23f9bb0,0x00000000e2400000)
  to   space 31232K, 0% used [0x00000000e6480000,0x00000000e6480000,0x00000000e8300000)
 ParOldGen       total 72192K, used 46039K [0x0000000081800000, 0x0000000085e80000, 0x00000000d5d80000)
  object space 72192K, 63% used [0x0000000081800000,0x00000000844f5c60,0x0000000085e80000)
 Metaspace       used 23841K, capacity 24342K, committed 24496K, reserved 1071104K
  class space    used 2782K, capacity 2935K, committed 2992K, reserved 1048576K
}
Event: 6.766 GC heap before
{Heap before GC invocations=11 (full 1):
 PSYoungGen      total 203264K, used 203238K [0x00000000d5d80000, 0x00000000e8300000, 0x0000000100000000)
  eden space 180224K, 100% used [0x00000000d5d80000,0x00000000e0d80000,0x00000000e0d80000)
  from space 23040K, 99% used [0x00000000e0d80000,0x00000000e23f9bb0,0x00000000e2400000)
  to   space 31232K, 0% used [0x00000000e6480000,0x00000000e6480000,0x00000000e8300000)
 ParOldGen       total 72192K, used 46039K [0x0000000081800000, 0x0000000085e80000, 0x00000000d5d80000)
  object space 72192K, 63% used [0x0000000081800000,0x00000000844f5c60,0x0000000085e80000)
 Metaspace       used 26997K, capacity 27656K, committed 27952K, reserved 1073152K
  class space    used 3181K, capacity 3362K, committed 3376K, reserved 1048576K
Event: 6.801 GC heap after
Heap after GC invocations=11 (full 1):
 PSYoungGen      total 266752K, used 25622K [0x00000000d5d80000, 0x00000000e8980000, 0x0000000100000000)
  eden space 235520K, 0% used [0x00000000d5d80000,0x00000000d5d80000,0x00000000e4380000)
  from space 31232K, 82% used [0x00000000e6480000,0x00000000e7d85bc0,0x00000000e8300000)
  to   space 33792K, 0% used [0x00000000e4380000,0x00000000e4380000,0x00000000e6480000)
 ParOldGen       total 72192K, used 49974K [0x0000000081800000, 0x0000000085e80000, 0x00000000d5d80000)
  object space 72192K, 69% used [0x0000000081800000,0x00000000848cdbd0,0x0000000085e80000)
 Metaspace       used 26997K, capacity 27656K, committed 27952K, reserved 1073152K
  class space    used 3181K, capacity 3362K, committed 3376K, reserved 1048576K
}
Event: 8.273 GC heap before
{Heap before GC invocations=12 (full 1):
 PSYoungGen      total 266752K, used 223024K [0x00000000d5d80000, 0x00000000e8980000, 0x0000000100000000)
  eden space 235520K, 83% used [0x00000000d5d80000,0x00000000e1e46450,0x00000000e4380000)
  from space 31232K, 82% used [0x00000000e6480000,0x00000000e7d85bc0,0x00000000e8300000)
  to   space 33792K, 0% used [0x00000000e4380000,0x00000000e4380000,0x00000000e6480000)
 ParOldGen       total 72192K, used 49974K [0x0000000081800000, 0x0000000085e80000, 0x00000000d5d80000)
  object space 72192K, 69% used [0x0000000081800000,0x00000000848cdbd0,0x0000000085e80000)
 Metaspace       used 34572K, capacity 35242K, committed 35496K, reserved 1081344K
  class space    used 4142K, capacity 4365K, committed 4400K, reserved 1048576K
Event: 8.305 GC heap after
Heap after GC invocations=12 (full 1):
 PSYoungGen      total 269312K, used 18724K [0x00000000d5d80000, 0x00000000ecb80000, 0x0000000100000000)
  eden space 235520K, 0% used [0x00000000d5d80000,0x00000000d5d80000,0x00000000e4380000)
  from space 33792K, 55% used [0x00000000e4380000,0x00000000e55c93c8,0x00000000e6480000)
  to   space 33280K, 0% used [0x00000000eab00000,0x00000000eab00000,0x00000000ecb80000)
 ParOldGen       total 72192K, used 57074K [0x0000000081800000, 0x0000000085e80000, 0x00000000d5d80000)
  object space 72192K, 79% used [0x0000000081800000,0x0000000084fbc8d8,0x0000000085e80000)
 Metaspace       used 34572K, capacity 35242K, committed 35496K, reserved 1081344K
  class space    used 4142K, capacity 4365K, committed 4400K, reserved 1048576K
}
Event: 8.305 GC heap before
{Heap before GC invocations=13 (full 2):
 PSYoungGen      total 269312K, used 18724K [0x00000000d5d80000, 0x00000000ecb80000, 0x0000000100000000)
  eden space 235520K, 0% used [0x00000000d5d80000,0x00000000d5d80000,0x00000000e4380000)
  from space 33792K, 55% used [0x00000000e4380000,0x00000000e55c93c8,0x00000000e6480000)
  to   space 33280K, 0% used [0x00000000eab00000,0x00000000eab00000,0x00000000ecb80000)
 ParOldGen       total 72192K, used 57074K [0x0000000081800000, 0x0000000085e80000, 0x00000000d5d80000)
  object space 72192K, 79% used [0x0000000081800000,0x0000000084fbc8d8,0x0000000085e80000)
 Metaspace       used 34572K, capacity 35242K, committed 35496K, reserved 1081344K
  class space    used 4142K, capacity 4365K, committed 4400K, reserved 1048576K
Event: 8.409 GC heap after
Heap after GC invocations=13 (full 2):
 PSYoungGen      total 269312K, used 0K [0x00000000d5d80000, 0x00000000ecb80000, 0x0000000100000000)
  eden space 235520K, 0% used [0x00000000d5d80000,0x00000000d5d80000,0x00000000e4380000)
  from space 33792K, 0% used [0x00000000e4380000,0x00000000e4380000,0x00000000e6480000)
  to   space 33280K, 0% used [0x00000000eab00000,0x00000000eab00000,0x00000000ecb80000)
 ParOldGen       total 130048K, used 40526K [0x0000000081800000, 0x0000000089700000, 0x00000000d5d80000)
  object space 130048K, 31% used [0x0000000081800000,0x0000000083f938b0,0x0000000089700000)
 Metaspace       used 34572K, capacity 35242K, committed 35496K, reserved 1081344K
  class space    used 4142K, capacity 4365K, committed 4400K, reserved 1048576K
}
Event: 9.087 GC heap before
{Heap before GC invocations=14 (full 2):
 PSYoungGen      total 269312K, used 235520K [0x00000000d5d80000, 0x00000000ecb80000, 0x0000000100000000)
  eden space 235520K, 100% used [0x00000000d5d80000,0x00000000e4380000,0x00000000e4380000)
  from space 33792K, 0% used [0x00000000e4380000,0x00000000e4380000,0x00000000e6480000)
  to   space 33280K, 0% used [0x00000000eab00000,0x00000000eab00000,0x00000000ecb80000)
 ParOldGen       total 130048K, used 40526K [0x0000000081800000, 0x0000000089700000, 0x00000000d5d80000)
  object space 130048K, 31% used [0x0000000081800000,0x0000000083f938b0,0x0000000089700000)
 Metaspace       used 36811K, capacity 37454K, committed 37936K, reserved 1083392K
  class space    used 4352K, capacity 4563K, committed 4656K, reserved 1048576K
Event: 9.099 GC heap after
Heap after GC invocations=14 (full 2):
 PSYoungGen      total 340480K, used 6330K [0x00000000d5d80000, 0x00000000eca80000, 0x0000000100000000)
  eden space 308224K, 0% used [0x00000000d5d80000,0x00000000d5d80000,0x00000000e8a80000)
  from space 32256K, 19% used [0x00000000eab00000,0x00000000eb12e8b0,0x00000000eca80000)
  to   space 32768K, 0% used [0x00000000e8a80000,0x00000000e8a80000,0x00000000eaa80000)
 ParOldGen       total 130048K, used 40534K [0x0000000081800000, 0x0000000089700000, 0x00000000d5d80000)
  object space 130048K, 31% used [0x0000000081800000,0x0000000083f958b0,0x0000000089700000)
 Metaspace       used 36811K, capacity 37454K, committed 37936K, reserved 1083392K
  class space    used 4352K, capacity 4563K, committed 4656K, reserved 1048576K
}

