# JRE version: Java(TM) SE Runtime Environment (8.0_112-b15) (build 1.8.0_112-b15)
# Java VM: Java HotSpot(TM) 64-Bit Server VM (25.112-b15 mixed mode windows-amd64 compressed oops)
Heap:
 PSYoungGen      total 365568K, used 297340K [0x00000000d5d80000, 0x00000000eee00000, 0x0000000100000000)
  eden space 343552K, 84% used [0x00000000d5d80000,0x00000000e778be48,0x00000000ead00000)
  from space 22016K, 38% used [0x00000000ed880000,0x00000000ee0d3530,0x00000000eee00000)
  to   space 33280K, 0% used [0x00000000ead00000,0x00000000ead00000,0x00000000ecd80000)
 ParOldGen       total 70144K, used 39617K [0x0000000081800000, 0x0000000085c80000, 0x00000000d5d80000)
  object space 70144K, 56% used [0x0000000081800000,0x0000000083eb05a8,0x0000000085c80000)
 Metaspace       used 52669K, capacity 53508K, committed 53808K, reserved 1097728K
  class space    used 5926K, capacity 6148K, committed 6192K, reserved 1048576K
GC Heap History (10 events):
Event: 5.574 GC heap before
{Heap before GC invocations=10 (full 1):
 PSYoungGen      total 207360K, used 207336K [0x00000000d5d80000, 0x00000000e5500000, 0x0000000100000000)
  eden space 190976K, 100% used [0x00000000d5d80000,0x00000000e1800000,0x00000000e1800000)
  from space 16384K, 99% used [0x00000000e2e00000,0x00000000e3dfa3a0,0x00000000e3e00000)
  to   space 22528K, 0% used [0x00000000e1800000,0x00000000e1800000,0x00000000e2e00000)
 ParOldGen       total 70144K, used 33647K [0x0000000081800000, 0x0000000085c80000, 0x00000000d5d80000)
  object space 70144K, 47% used [0x0000000081800000,0x00000000838dbef8,0x0000000085c80000)
 Metaspace       used 23875K, capacity 24334K, committed 24496K, reserved 1071104K
  class space    used 2782K, capacity 2935K, committed 2992K, reserved 1048576K
Event: 5.613 GC heap after
Heap after GC invocations=10 (full 1):
 PSYoungGen      total 213504K, used 22525K [0x00000000d5d80000, 0x00000000e9d80000, 0x0000000100000000)
  eden space 190976K, 0% used [0x00000000d5d80000,0x00000000d5d80000,0x00000000e1800000)
  from space 22528K, 99% used [0x00000000e1800000,0x00000000e2dff640,0x00000000e2e00000)
  to   space 32256K, 0% used [0x00000000e7e00000,0x00000000e7e00000,0x00000000e9d80000)
 ParOldGen       total 70144K, used 48664K [0x0000000081800000, 0x0000000085c80000, 0x00000000d5d80000)
  object space 70144K, 69% used [0x0000000081800000,0x00000000847863b0,0x0000000085c80000)
 Metaspace       used 23875K, capacity 24334K, committed 24496K, reserved 1071104K
  class space    used 2782K, capacity 2935K, committed 2992K, reserved 1048576K
}
Event: 6.659 GC heap before
{Heap before GC invocations=11 (full 1):
 PSYoungGen      total 213504K, used 213501K [0x00000000d5d80000, 0x00000000e9d80000, 0x0000000100000000)
  eden space 190976K, 100% used [0x00000000d5d80000,0x00000000e1800000,0x00000000e1800000)
  from space 22528K, 99% used [0x00000000e1800000,0x00000000e2dff640,0x00000000e2e00000)
  to   space 32256K, 0% used [0x00000000e7e00000,0x00000000e7e00000,0x00000000e9d80000)
 ParOldGen       total 70144K, used 48664K [0x0000000081800000, 0x0000000085c80000, 0x00000000d5d80000)
  object space 70144K, 69% used [0x0000000081800000,0x00000000847863b0,0x0000000085c80000)
 Metaspace       used 29937K, capacity 30524K, committed 30640K, reserved 1077248K
  class space    used 3526K, capacity 3718K, committed 3760K, reserved 1048576K
Event: 6.695 GC heap after
Heap after GC invocations=11 (full 1):
 PSYoungGen      total 292352K, used 27400K [0x00000000d5d80000, 0x00000000ea300000, 0x0000000100000000)
  eden space 260096K, 0% used [0x00000000d5d80000,0x00000000d5d80000,0x00000000e5b80000)
  from space 32256K, 84% used [0x00000000e7e00000,0x00000000e98c2118,0x00000000e9d80000)
  to   space 35328K, 0% used [0x00000000e5b80000,0x00000000e5b80000,0x00000000e7e00000)
 ParOldGen       total 70144K, used 52976K [0x0000000081800000, 0x0000000085c80000, 0x00000000d5d80000)
  object space 70144K, 75% used [0x0000000081800000,0x0000000084bbc070,0x0000000085c80000)
 Metaspace       used 29937K, capacity 30524K, committed 30640K, reserved 1077248K
  class space    used 3526K, capacity 3718K, committed 3760K, reserved 1048576K
}
Event: 8.081 GC heap before
{Heap before GC invocations=12 (full 1):
 PSYoungGen      total 292352K, used 205559K [0x00000000d5d80000, 0x00000000ea300000, 0x0000000100000000)
  eden space 260096K, 68% used [0x00000000d5d80000,0x00000000e0b7bdd0,0x00000000e5b80000)
  from space 32256K, 84% used [0x00000000e7e00000,0x00000000e98c2118,0x00000000e9d80000)
  to   space 35328K, 0% used [0x00000000e5b80000,0x00000000e5b80000,0x00000000e7e00000)
 ParOldGen       total 70144K, used 52976K [0x0000000081800000, 0x0000000085c80000, 0x00000000d5d80000)
  object space 70144K, 75% used [0x0000000081800000,0x0000000084bbc070,0x0000000085c80000)
 Metaspace       used 34584K, capacity 35238K, committed 35496K, reserved 1081344K
  class space    used 4140K, capacity 4365K, committed 4400K, reserved 1048576K
Event: 8.116 GC heap after
Heap after GC invocations=12 (full 1):
 PSYoungGen      total 295424K, used 17348K [0x00000000d5d80000, 0x00000000ef980000, 0x0000000100000000)
  eden space 260096K, 0% used [0x00000000d5d80000,0x00000000d5d80000,0x00000000e5b80000)
  from space 35328K, 49% used [0x00000000e5b80000,0x00000000e6c713d8,0x00000000e7e00000)
  to   space 33792K, 0% used [0x00000000ed880000,0x00000000ed880000,0x00000000ef980000)
 ParOldGen       total 70144K, used 59999K [0x0000000081800000, 0x0000000085c80000, 0x00000000d5d80000)
  object space 70144K, 85% used [0x0000000081800000,0x0000000085297e18,0x0000000085c80000)
 Metaspace       used 34584K, capacity 35238K, committed 35496K, reserved 1081344K
  class space    used 4140K, capacity 4365K, committed 4400K, reserved 1048576K
}
Event: 8.116 GC heap before
{Heap before GC invocations=13 (full 2):
 PSYoungGen      total 295424K, used 17348K [0x00000000d5d80000, 0x00000000ef980000, 0x0000000100000000)
  eden space 260096K, 0% used [0x00000000d5d80000,0x00000000d5d80000,0x00000000e5b80000)
  from space 35328K, 49% used [0x00000000e5b80000,0x00000000e6c713d8,0x00000000e7e00000)
  to   space 33792K, 0% used [0x00000000ed880000,0x00000000ed880000,0x00000000ef980000)
 ParOldGen       total 70144K, used 59999K [0x0000000081800000, 0x0000000085c80000, 0x00000000d5d80000)
  object space 70144K, 85% used [0x0000000081800000,0x0000000085297e18,0x0000000085c80000)
 Metaspace       used 34584K, capacity 35238K, committed 35496K, reserved 1081344K
  class space    used 4140K, capacity 4365K, committed 4400K, reserved 1048576K
Event: 8.243 GC heap after
Heap after GC invocations=13 (full 2):
 PSYoungGen      total 295424K, used 0K [0x00000000d5d80000, 0x00000000ef980000, 0x0000000100000000)
  eden space 260096K, 0% used [0x00000000d5d80000,0x00000000d5d80000,0x00000000e5b80000)
  from space 35328K, 0% used [0x00000000e5b80000,0x00000000e5b80000,0x00000000e7e00000)
  to   space 33792K, 0% used [0x00000000ed880000,0x00000000ed880000,0x00000000ef980000)
 ParOldGen       total 70144K, used 39609K [0x0000000081800000, 0x0000000085c80000, 0x00000000d5d80000)
  object space 70144K, 56% used [0x0000000081800000,0x0000000083eae5a8,0x0000000085c80000)
 Metaspace       used 34584K, capacity 35238K, committed 35496K, reserved 1081344K
  class space    used 4140K, capacity 4365K, committed 4400K, reserved 1048576K
}
Event: 9.054 GC heap before
{Heap before GC invocations=14 (full 2):
 PSYoungGen      total 295424K, used 260096K [0x00000000d5d80000, 0x00000000ef980000, 0x0000000100000000)
  eden space 260096K, 100% used [0x00000000d5d80000,0x00000000e5b80000,0x00000000e5b80000)
  from space 35328K, 0% used [0x00000000e5b80000,0x00000000e5b80000,0x00000000e7e00000)
  to   space 33792K, 0% used [0x00000000ed880000,0x00000000ed880000,0x00000000ef980000)
 ParOldGen       total 70144K, used 39609K [0x0000000081800000, 0x0000000085c80000, 0x00000000d5d80000)
  object space 70144K, 56% used [0x0000000081800000,0x0000000083eae5a8,0x0000000085c80000)
 Metaspace       used 36851K, capacity 37450K, committed 37936K, reserved 1083392K
  class space    used 4351K, capacity 4563K, committed 4656K, reserved 1048576K
Event: 9.068 GC heap after
Heap after GC invocations=14 (full 2):
 PSYoungGen      total 365568K, used 8525K [0x00000000d5d80000, 0x00000000eee00000, 0x0000000100000000)
  eden space 343552K, 0% used [0x00000000d5d80000,0x00000000d5d80000,0x00000000ead00000)
  from space 22016K, 38% used [0x00000000ed880000,0x00000000ee0d3530,0x00000000eee00000)
  to   space 33280K, 0% used [0x00000000ead00000,0x00000000ead00000,0x00000000ecd80000)
 ParOldGen       total 70144K, used 39617K [0x0000000081800000, 0x0000000085c80000, 0x00000000d5d80000)
  object space 70144K, 56% used [0x0000000081800000,0x0000000083eb05a8,0x0000000085c80000)
 Metaspace       used 36851K, capacity 37450K, committed 37936K, reserved 1083392K
  class space    used 4351K, capacity 4563K, committed 4656K, reserved 1048576K
}

