# JRE version: Java(TM) SE Runtime Environment (8.0_112-b15) (build 1.8.0_112-b15)
# Java VM: Java HotSpot(TM) 64-Bit Server VM (25.112-b15 mixed mode windows-amd64 compressed oops)
Heap:
 PSYoungGen      total 375296K, used 362908K [0x00000000d5d80000, 0x00000000f5600000, 0x0000000100000000)
  eden space 342016K, 96% used [0x00000000d5d80000,0x00000000e9f6e878,0x00000000eab80000)
  from space 33280K, 99% used [0x00000000eab80000,0x00000000ecbf8850,0x00000000ecc00000)
  to   space 39936K, 0% used [0x00000000f2f00000,0x00000000f2f00000,0x00000000f5600000)
 ParOldGen       total 126464K, used 44779K [0x0000000081800000, 0x0000000089380000, 0x00000000d5d80000)
  object space 126464K, 35% used [0x0000000081800000,0x00000000843bacc0,0x0000000089380000)
 Metaspace       used 54949K, capacity 55794K, committed 55856K, reserved 1099776K
  class space    used 5913K, capacity 6145K, committed 6192K, reserved 1048576K
GC Heap History (10 events):
Event: 7.282 GC heap before
{Heap before GC invocations=11 (full 1):
 PSYoungGen      total 214528K, used 214522K [0x00000000d5d80000, 0x00000000e9c00000, 0x0000000100000000)
  eden space 192000K, 100% used [0x00000000d5d80000,0x00000000e1900000,0x00000000e1900000)
  from space 22528K, 99% used [0x00000000e1900000,0x00000000e2efe808,0x00000000e2f00000)
  to   space 31744K, 0% used [0x00000000e7d00000,0x00000000e7d00000,0x00000000e9c00000)
 ParOldGen       total 71680K, used 48558K [0x0000000081800000, 0x0000000085e00000, 0x00000000d5d80000)
  object space 71680K, 67% used [0x0000000081800000,0x000000008476b9e8,0x0000000085e00000)
 Metaspace       used 29903K, capacity 30584K, committed 30896K, reserved 1077248K
  class space    used 3531K, capacity 3718K, committed 3760K, reserved 1048576K
Event: 7.312 GC heap after
Heap after GC invocations=11 (full 1):
 PSYoungGen      total 290816K, used 28068K [0x00000000d5d80000, 0x00000000ea280000, 0x0000000100000000)
  eden space 259072K, 0% used [0x00000000d5d80000,0x00000000d5d80000,0x00000000e5a80000)
  from space 31744K, 88% used [0x00000000e7d00000,0x00000000e9869330,0x00000000e9c00000)
  to   space 35328K, 0% used [0x00000000e5a80000,0x00000000e5a80000,0x00000000e7d00000)
 ParOldGen       total 71680K, used 52403K [0x0000000081800000, 0x0000000085e00000, 0x00000000d5d80000)
  object space 71680K, 73% used [0x0000000081800000,0x0000000084b2ce28,0x0000000085e00000)
 Metaspace       used 29903K, capacity 30584K, committed 30896K, reserved 1077248K
  class space    used 3531K, capacity 3718K, committed 3760K, reserved 1048576K
}
Event: 8.547 GC heap before
{Heap before GC invocations=12 (full 1):
 PSYoungGen      total 290816K, used 195138K [0x00000000d5d80000, 0x00000000ea280000, 0x0000000100000000)
  eden space 259072K, 64% used [0x00000000d5d80000,0x00000000e00a74e8,0x00000000e5a80000)
  from space 31744K, 88% used [0x00000000e7d00000,0x00000000e9869330,0x00000000e9c00000)
  to   space 35328K, 0% used [0x00000000e5a80000,0x00000000e5a80000,0x00000000e7d00000)
 ParOldGen       total 71680K, used 52403K [0x0000000081800000, 0x0000000085e00000, 0x00000000d5d80000)
  object space 71680K, 73% used [0x0000000081800000,0x0000000084b2ce28,0x0000000085e00000)
 Metaspace       used 34573K, capacity 35234K, committed 35496K, reserved 1081344K
  class space    used 4144K, capacity 4365K, committed 4400K, reserved 1048576K
Event: 8.576 GC heap after
Heap after GC invocations=12 (full 1):
 PSYoungGen      total 294400K, used 17320K [0x00000000d5d80000, 0x00000000ef600000, 0x0000000100000000)
  eden space 259072K, 0% used [0x00000000d5d80000,0x00000000d5d80000,0x00000000e5a80000)
  from space 35328K, 49% used [0x00000000e5a80000,0x00000000e6b6a308,0x00000000e7d00000)
  to   space 33792K, 0% used [0x00000000ed500000,0x00000000ed500000,0x00000000ef600000)
 ParOldGen       total 71680K, used 59270K [0x0000000081800000, 0x0000000085e00000, 0x00000000d5d80000)
  object space 71680K, 82% used [0x0000000081800000,0x00000000851e1870,0x0000000085e00000)
 Metaspace       used 34573K, capacity 35234K, committed 35496K, reserved 1081344K
  class space    used 4144K, capacity 4365K, committed 4400K, reserved 1048576K
}
Event: 8.576 GC heap before
{Heap before GC invocations=13 (full 2):
 PSYoungGen      total 294400K, used 17320K [0x00000000d5d80000, 0x00000000ef600000, 0x0000000100000000)
  eden space 259072K, 0% used [0x00000000d5d80000,0x00000000d5d80000,0x00000000e5a80000)
  from space 35328K, 49% used [0x00000000e5a80000,0x00000000e6b6a308,0x00000000e7d00000)
  to   space 33792K, 0% used [0x00000000ed500000,0x00000000ed500000,0x00000000ef600000)
 ParOldGen       total 71680K, used 59270K [0x0000000081800000, 0x0000000085e00000, 0x00000000d5d80000)
  object space 71680K, 82% used [0x0000000081800000,0x00000000851e1870,0x0000000085e00000)
 Metaspace       used 34573K, capacity 35234K, committed 35496K, reserved 1081344K
  class space    used 4144K, capacity 4365K, committed 4400K, reserved 1048576K
Event: 8.691 GC heap after
Heap after GC invocations=13 (full 2):
 PSYoungGen      total 294400K, used 0K [0x00000000d5d80000, 0x00000000ef600000, 0x0000000100000000)
  eden space 259072K, 0% used [0x00000000d5d80000,0x00000000d5d80000,0x00000000e5a80000)
  from space 35328K, 0% used [0x00000000e5a80000,0x00000000e5a80000,0x00000000e7d00000)
  to   space 33792K, 0% used [0x00000000ed500000,0x00000000ed500000,0x00000000ef600000)
 ParOldGen       total 126464K, used 40271K [0x0000000081800000, 0x0000000089380000, 0x00000000d5d80000)
  object space 126464K, 31% used [0x0000000081800000,0x0000000083f53e28,0x0000000089380000)
 Metaspace       used 34573K, capacity 35234K, committed 35496K, reserved 1081344K
  class space    used 4144K, capacity 4365K, committed 4400K, reserved 1048576K
}
Event: 9.451 GC heap before
{Heap before GC invocations=14 (full 2):
 PSYoungGen      total 294400K, used 259072K [0x00000000d5d80000, 0x00000000ef600000, 0x0000000100000000)
  eden space 259072K, 100% used [0x00000000d5d80000,0x00000000e5a80000,0x00000000e5a80000)
  from space 35328K, 0% used [0x00000000e5a80000,0x00000000e5a80000,0x00000000e7d00000)
  to   space 33792K, 0% used [0x00000000ed500000,0x00000000ed500000,0x00000000ef600000)
 ParOldGen       total 126464K, used 40271K [0x0000000081800000, 0x0000000089380000, 0x00000000d5d80000)
  object space 126464K, 31% used [0x0000000081800000,0x0000000083f53e28,0x0000000089380000)
 Metaspace       used 36830K, capacity 37446K, committed 37936K, reserved 1083392K
  class space    used 4354K, capacity 4563K, committed 4656K, reserved 1048576K
Event: 9.463 GC heap after
Heap after GC invocations=14 (full 2):
 PSYoungGen      total 366080K, used 8413K [0x00000000d5d80000, 0x00000000eec80000, 0x0000000100000000)
  eden space 342016K, 0% used [0x00000000d5d80000,0x00000000d5d80000,0x00000000eab80000)
  from space 24064K, 34% used [0x00000000ed500000,0x00000000edd376b8,0x00000000eec80000)
  to   space 33280K, 0% used [0x00000000eab80000,0x00000000eab80000,0x00000000ecc00000)
 ParOldGen       total 126464K, used 40279K [0x0000000081800000, 0x0000000089380000, 0x00000000d5d80000)
  object space 126464K, 31% used [0x0000000081800000,0x0000000083f55e28,0x0000000089380000)
 Metaspace       used 36830K, capacity 37446K, committed 37936K, reserved 1083392K
  class space    used 4354K, capacity 4563K, committed 4656K, reserved 1048576K
}
Event: 646.369 GC heap before
{Heap before GC invocations=15 (full 2):
 PSYoungGen      total 366080K, used 350429K [0x00000000d5d80000, 0x00000000eec80000, 0x0000000100000000)
  eden space 342016K, 100% used [0x00000000d5d80000,0x00000000eab80000,0x00000000eab80000)
  from space 24064K, 34% used [0x00000000ed500000,0x00000000edd376b8,0x00000000eec80000)
  to   space 33280K, 0% used [0x00000000eab80000,0x00000000eab80000,0x00000000ecc00000)
 ParOldGen       total 126464K, used 40279K [0x0000000081800000, 0x0000000089380000, 0x00000000d5d80000)
  object space 126464K, 31% used [0x0000000081800000,0x0000000083f55e28,0x0000000089380000)
 Metaspace       used 52954K, capacity 53834K, committed 54064K, reserved 1097728K
  class space    used 5909K, capacity 6141K, committed 6192K, reserved 1048576K
Event: 646.407 GC heap after
Heap after GC invocations=15 (full 2):
 PSYoungGen      total 375296K, used 33250K [0x00000000d5d80000, 0x00000000f5600000, 0x0000000100000000)
  eden space 342016K, 0% used [0x00000000d5d80000,0x00000000d5d80000,0x00000000eab80000)
  from space 33280K, 99% used [0x00000000eab80000,0x00000000ecbf8850,0x00000000ecc00000)
  to   space 39936K, 0% used [0x00000000f2f00000,0x00000000f2f00000,0x00000000f5600000)
 ParOldGen       total 126464K, used 44779K [0x0000000081800000, 0x0000000089380000, 0x00000000d5d80000)
  object space 126464K, 35% used [0x0000000081800000,0x00000000843bacc0,0x0000000089380000)
 Metaspace       used 52954K, capacity 53834K, committed 54064K, reserved 1097728K
  class space    used 5909K, capacity 6141K, committed 6192K, reserved 1048576K
}

